This is pdfTeX, Version 3.141592653-2.6-1.40.22 (TeX Live 2021) (preloaded format=pdflatex 2021.11.9)  20 JUN 2022 22:44
entering extended mode
 restricted \write18 enabled.
 %&-line parsing enabled.
**BUAD2060_BusinessStatistics_Fall2020.tex
(./BUAD2060_BusinessStatistics_Fall2020.tex
LaTeX2e <2020-10-01> patch level 4
L3 programming layer <2021-02-18>
(/usr/local/texlive/2021/texmf-dist/tex/latex/beamer/beamer.cls
Document Class: beamer 2021/03/19 v3.62 A class for typesetting presentations
(/usr/local/texlive/2021/texmf-dist/tex/latex/beamer/beamerbasemodes.sty
(/usr/local/texlive/2021/texmf-dist/tex/latex/etoolbox/etoolbox.sty
Package: etoolbox 2020/10/05 v2.5k e-TeX tools for LaTeX (JAW)
\etb@tempcnta=\count179
)
\beamer@tempbox=\box47
\beamer@tempcount=\count180
\c@beamerpauses=\count181

(/usr/local/texlive/2021/texmf-dist/tex/latex/beamer/beamerbasedecode.sty
\beamer@slideinframe=\count182
\beamer@minimum=\count183
\beamer@decode@box=\box48
)
\beamer@commentbox=\box49
\beamer@modecount=\count184
)
(/usr/local/texlive/2021/texmf-dist/tex/generic/iftex/ifpdf.sty
Package: ifpdf 2019/10/25 v3.4 ifpdf legacy package. Use iftex instead.

(/usr/local/texlive/2021/texmf-dist/tex/generic/iftex/iftex.sty
Package: iftex 2020/03/06 v1.0d TeX engine tests
))
\headdp=\dimen138
\footheight=\dimen139
\sidebarheight=\dimen140
\beamer@tempdim=\dimen141
\beamer@finalheight=\dimen142
\beamer@animht=\dimen143
\beamer@animdp=\dimen144
\beamer@animwd=\dimen145
\beamer@leftmargin=\dimen146
\beamer@rightmargin=\dimen147
\beamer@leftsidebar=\dimen148
\beamer@rightsidebar=\dimen149
\beamer@boxsize=\dimen150
\beamer@vboxoffset=\dimen151
\beamer@descdefault=\dimen152
\beamer@descriptionwidth=\dimen153
\beamer@lastskip=\skip47
\beamer@areabox=\box50
\beamer@animcurrent=\box51
\beamer@animshowbox=\box52
\beamer@sectionbox=\box53
\beamer@logobox=\box54
\beamer@linebox=\box55
\beamer@sectioncount=\count185
\beamer@subsubsectionmax=\count186
\beamer@subsectionmax=\count187
\beamer@sectionmax=\count188
\beamer@totalheads=\count189
\beamer@headcounter=\count190
\beamer@partstartpage=\count191
\beamer@sectionstartpage=\count192
\beamer@subsectionstartpage=\count193
\beamer@animationtempa=\count194
\beamer@animationtempb=\count195
\beamer@xpos=\count196
\beamer@ypos=\count197
\beamer@ypos@offset=\count198
\beamer@showpartnumber=\count199
\beamer@currentsubsection=\count266
\beamer@coveringdepth=\count267
\beamer@sectionadjust=\count268
\beamer@tocsectionnumber=\count269

(/usr/local/texlive/2021/texmf-dist/tex/latex/beamer/beamerbaseoptions.sty
(/usr/local/texlive/2021/texmf-dist/tex/latex/graphics/keyval.sty
Package: keyval 2014/10/28 v1.15 key=value parser (DPC)
\KV@toks@=\toks15
))
\beamer@paperwidth=\skip48
\beamer@paperheight=\skip49

(/usr/local/texlive/2021/texmf-dist/tex/latex/geometry/geometry.sty
Package: geometry 2020/01/02 v5.9 Page Geometry

(/usr/local/texlive/2021/texmf-dist/tex/generic/iftex/ifvtex.sty
Package: ifvtex 2019/10/25 v1.7 ifvtex legacy package. Use iftex instead.
)
\Gm@cnth=\count270
\Gm@cntv=\count271
\c@Gm@tempcnt=\count272
\Gm@bindingoffset=\dimen154
\Gm@wd@mp=\dimen155
\Gm@odd@mp=\dimen156
\Gm@even@mp=\dimen157
\Gm@layoutwidth=\dimen158
\Gm@layoutheight=\dimen159
\Gm@layouthoffset=\dimen160
\Gm@layoutvoffset=\dimen161
\Gm@dimlist=\toks16
)
(/usr/local/texlive/2021/texmf-dist/tex/latex/base/size11.clo
File: size11.clo 2020/04/10 v1.4m Standard LaTeX file (size option)
)
(/usr/local/texlive/2021/texmf-dist/tex/latex/pgf/basiclayer/pgfcore.sty
(/usr/local/texlive/2021/texmf-dist/tex/latex/graphics/graphicx.sty
Package: graphicx 2020/09/09 v1.2b Enhanced LaTeX Graphics (DPC,SPQR)

(/usr/local/texlive/2021/texmf-dist/tex/latex/graphics/graphics.sty
Package: graphics 2020/08/30 v1.4c Standard LaTeX Graphics (DPC,SPQR)

(/usr/local/texlive/2021/texmf-dist/tex/latex/graphics/trig.sty
Package: trig 2016/01/03 v1.10 sin cos tan (DPC)
)
(/usr/local/texlive/2021/texmf-dist/tex/latex/graphics-cfg/graphics.cfg
File: graphics.cfg 2016/06/04 v1.11 sample graphics configuration
)
Package graphics Info: Driver file: pdftex.def on input line 105.

(/usr/local/texlive/2021/texmf-dist/tex/latex/graphics-def/pdftex.def
File: pdftex.def 2020/10/05 v1.2a Graphics/color driver for pdftex
))
\Gin@req@height=\dimen162
\Gin@req@width=\dimen163
)
(/usr/local/texlive/2021/texmf-dist/tex/latex/pgf/systemlayer/pgfsys.sty
(/usr/local/texlive/2021/texmf-dist/tex/latex/pgf/utilities/pgfrcs.sty
(/usr/local/texlive/2021/texmf-dist/tex/generic/pgf/utilities/pgfutil-common.te
x
\pgfutil@everybye=\toks17
\pgfutil@tempdima=\dimen164
\pgfutil@tempdimb=\dimen165

(/usr/local/texlive/2021/texmf-dist/tex/generic/pgf/utilities/pgfutil-common-li
sts.tex))
(/usr/local/texlive/2021/texmf-dist/tex/generic/pgf/utilities/pgfutil-latex.def
\pgfutil@abb=\box56
) (/usr/local/texlive/2021/texmf-dist/tex/generic/pgf/utilities/pgfrcs.code.tex
(/usr/local/texlive/2021/texmf-dist/tex/generic/pgf/pgf.revision.tex)
Package: pgfrcs 2020/12/27 v3.1.8b (3.1.8b)
))
(/usr/local/texlive/2021/texmf-dist/tex/generic/pgf/systemlayer/pgfsys.code.tex
Package: pgfsys 2020/12/27 v3.1.8b (3.1.8b)
(/usr/local/texlive/2021/texmf-dist/tex/generic/pgf/utilities/pgfkeys.code.tex
\pgfkeys@pathtoks=\toks18
\pgfkeys@temptoks=\toks19

(/usr/local/texlive/2021/texmf-dist/tex/generic/pgf/utilities/pgfkeysfiltered.c
ode.tex
\pgfkeys@tmptoks=\toks20
))
\pgf@x=\dimen166
\pgf@y=\dimen167
\pgf@xa=\dimen168
\pgf@ya=\dimen169
\pgf@xb=\dimen170
\pgf@yb=\dimen171
\pgf@xc=\dimen172
\pgf@yc=\dimen173
\pgf@xd=\dimen174
\pgf@yd=\dimen175
\w@pgf@writea=\write3
\r@pgf@reada=\read2
\c@pgf@counta=\count273
\c@pgf@countb=\count274
\c@pgf@countc=\count275
\c@pgf@countd=\count276
\t@pgf@toka=\toks21
\t@pgf@tokb=\toks22
\t@pgf@tokc=\toks23
\pgf@sys@id@count=\count277

(/usr/local/texlive/2021/texmf-dist/tex/generic/pgf/systemlayer/pgf.cfg
File: pgf.cfg 2020/12/27 v3.1.8b (3.1.8b)
)
Driver file for pgf: pgfsys-pdftex.def

(/usr/local/texlive/2021/texmf-dist/tex/generic/pgf/systemlayer/pgfsys-pdftex.d
ef
File: pgfsys-pdftex.def 2020/12/27 v3.1.8b (3.1.8b)

(/usr/local/texlive/2021/texmf-dist/tex/generic/pgf/systemlayer/pgfsys-common-p
df.def
File: pgfsys-common-pdf.def 2020/12/27 v3.1.8b (3.1.8b)
)))
(/usr/local/texlive/2021/texmf-dist/tex/generic/pgf/systemlayer/pgfsyssoftpath.
code.tex
File: pgfsyssoftpath.code.tex 2020/12/27 v3.1.8b (3.1.8b)
\pgfsyssoftpath@smallbuffer@items=\count278
\pgfsyssoftpath@bigbuffer@items=\count279
)
(/usr/local/texlive/2021/texmf-dist/tex/generic/pgf/systemlayer/pgfsysprotocol.
code.tex
File: pgfsysprotocol.code.tex 2020/12/27 v3.1.8b (3.1.8b)
)) (/usr/local/texlive/2021/texmf-dist/tex/latex/xcolor/xcolor.sty
Package: xcolor 2016/05/11 v2.12 LaTeX color extensions (UK)

(/usr/local/texlive/2021/texmf-dist/tex/latex/graphics-cfg/color.cfg
File: color.cfg 2016/01/02 v1.6 sample color configuration
)
Package xcolor Info: Driver file: pdftex.def on input line 225.
Package xcolor Info: Model `cmy' substituted by `cmy0' on input line 1348.
Package xcolor Info: Model `hsb' substituted by `rgb' on input line 1352.
Package xcolor Info: Model `RGB' extended on input line 1364.
Package xcolor Info: Model `HTML' substituted by `rgb' on input line 1366.
Package xcolor Info: Model `Hsb' substituted by `hsb' on input line 1367.
Package xcolor Info: Model `tHsb' substituted by `hsb' on input line 1368.
Package xcolor Info: Model `HSB' substituted by `hsb' on input line 1369.
Package xcolor Info: Model `Gray' substituted by `gray' on input line 1370.
Package xcolor Info: Model `wave' substituted by `hsb' on input line 1371.
)
(/usr/local/texlive/2021/texmf-dist/tex/generic/pgf/basiclayer/pgfcore.code.tex
Package: pgfcore 2020/12/27 v3.1.8b (3.1.8b)
(/usr/local/texlive/2021/texmf-dist/tex/generic/pgf/math/pgfmath.code.tex
(/usr/local/texlive/2021/texmf-dist/tex/generic/pgf/math/pgfmathcalc.code.tex
(/usr/local/texlive/2021/texmf-dist/tex/generic/pgf/math/pgfmathutil.code.tex)
(/usr/local/texlive/2021/texmf-dist/tex/generic/pgf/math/pgfmathparser.code.tex
\pgfmath@dimen=\dimen176
\pgfmath@count=\count280
\pgfmath@box=\box57
\pgfmath@toks=\toks24
\pgfmath@stack@operand=\toks25
\pgfmath@stack@operation=\toks26
)
(/usr/local/texlive/2021/texmf-dist/tex/generic/pgf/math/pgfmathfunctions.code.
tex
(/usr/local/texlive/2021/texmf-dist/tex/generic/pgf/math/pgfmathfunctions.basic
.code.tex)
(/usr/local/texlive/2021/texmf-dist/tex/generic/pgf/math/pgfmathfunctions.trigo
nometric.code.tex)
(/usr/local/texlive/2021/texmf-dist/tex/generic/pgf/math/pgfmathfunctions.rando
m.code.tex)
(/usr/local/texlive/2021/texmf-dist/tex/generic/pgf/math/pgfmathfunctions.compa
rison.code.tex)
(/usr/local/texlive/2021/texmf-dist/tex/generic/pgf/math/pgfmathfunctions.base.
code.tex)
(/usr/local/texlive/2021/texmf-dist/tex/generic/pgf/math/pgfmathfunctions.round
.code.tex)
(/usr/local/texlive/2021/texmf-dist/tex/generic/pgf/math/pgfmathfunctions.misc.
code.tex)
(/usr/local/texlive/2021/texmf-dist/tex/generic/pgf/math/pgfmathfunctions.integ
erarithmetics.code.tex)))
(/usr/local/texlive/2021/texmf-dist/tex/generic/pgf/math/pgfmathfloat.code.tex
\c@pgfmathroundto@lastzeros=\count281
)) (/usr/local/texlive/2021/texmf-dist/tex/generic/pgf/math/pgfint.code.tex)
(/usr/local/texlive/2021/texmf-dist/tex/generic/pgf/basiclayer/pgfcorepoints.co
de.tex
File: pgfcorepoints.code.tex 2020/12/27 v3.1.8b (3.1.8b)
\pgf@picminx=\dimen177
\pgf@picmaxx=\dimen178
\pgf@picminy=\dimen179
\pgf@picmaxy=\dimen180
\pgf@pathminx=\dimen181
\pgf@pathmaxx=\dimen182
\pgf@pathminy=\dimen183
\pgf@pathmaxy=\dimen184
\pgf@xx=\dimen185
\pgf@xy=\dimen186
\pgf@yx=\dimen187
\pgf@yy=\dimen188
\pgf@zx=\dimen189
\pgf@zy=\dimen190
)
(/usr/local/texlive/2021/texmf-dist/tex/generic/pgf/basiclayer/pgfcorepathconst
ruct.code.tex
File: pgfcorepathconstruct.code.tex 2020/12/27 v3.1.8b (3.1.8b)
\pgf@path@lastx=\dimen191
\pgf@path@lasty=\dimen192
)
(/usr/local/texlive/2021/texmf-dist/tex/generic/pgf/basiclayer/pgfcorepathusage
.code.tex
File: pgfcorepathusage.code.tex 2020/12/27 v3.1.8b (3.1.8b)
\pgf@shorten@end@additional=\dimen193
\pgf@shorten@start@additional=\dimen194
)
(/usr/local/texlive/2021/texmf-dist/tex/generic/pgf/basiclayer/pgfcorescopes.co
de.tex
File: pgfcorescopes.code.tex 2020/12/27 v3.1.8b (3.1.8b)
\pgfpic=\box58
\pgf@hbox=\box59
\pgf@layerbox@main=\box60
\pgf@picture@serial@count=\count282
)
(/usr/local/texlive/2021/texmf-dist/tex/generic/pgf/basiclayer/pgfcoregraphicst
ate.code.tex
File: pgfcoregraphicstate.code.tex 2020/12/27 v3.1.8b (3.1.8b)
\pgflinewidth=\dimen195
)
(/usr/local/texlive/2021/texmf-dist/tex/generic/pgf/basiclayer/pgfcoretransform
ations.code.tex
File: pgfcoretransformations.code.tex 2020/12/27 v3.1.8b (3.1.8b)
\pgf@pt@x=\dimen196
\pgf@pt@y=\dimen197
\pgf@pt@temp=\dimen198
)
(/usr/local/texlive/2021/texmf-dist/tex/generic/pgf/basiclayer/pgfcorequick.cod
e.tex
File: pgfcorequick.code.tex 2020/12/27 v3.1.8b (3.1.8b)
)
(/usr/local/texlive/2021/texmf-dist/tex/generic/pgf/basiclayer/pgfcoreobjects.c
ode.tex
File: pgfcoreobjects.code.tex 2020/12/27 v3.1.8b (3.1.8b)
)
(/usr/local/texlive/2021/texmf-dist/tex/generic/pgf/basiclayer/pgfcorepathproce
ssing.code.tex
File: pgfcorepathprocessing.code.tex 2020/12/27 v3.1.8b (3.1.8b)
)
(/usr/local/texlive/2021/texmf-dist/tex/generic/pgf/basiclayer/pgfcorearrows.co
de.tex
File: pgfcorearrows.code.tex 2020/12/27 v3.1.8b (3.1.8b)
\pgfarrowsep=\dimen199
)
(/usr/local/texlive/2021/texmf-dist/tex/generic/pgf/basiclayer/pgfcoreshade.cod
e.tex
File: pgfcoreshade.code.tex 2020/12/27 v3.1.8b (3.1.8b)
\pgf@max=\dimen256
\pgf@sys@shading@range@num=\count283
\pgf@shadingcount=\count284
)
(/usr/local/texlive/2021/texmf-dist/tex/generic/pgf/basiclayer/pgfcoreimage.cod
e.tex
File: pgfcoreimage.code.tex 2020/12/27 v3.1.8b (3.1.8b)

(/usr/local/texlive/2021/texmf-dist/tex/generic/pgf/basiclayer/pgfcoreexternal.
code.tex
File: pgfcoreexternal.code.tex 2020/12/27 v3.1.8b (3.1.8b)
\pgfexternal@startupbox=\box61
))
(/usr/local/texlive/2021/texmf-dist/tex/generic/pgf/basiclayer/pgfcorelayers.co
de.tex
File: pgfcorelayers.code.tex 2020/12/27 v3.1.8b (3.1.8b)
)
(/usr/local/texlive/2021/texmf-dist/tex/generic/pgf/basiclayer/pgfcoretranspare
ncy.code.tex
File: pgfcoretransparency.code.tex 2020/12/27 v3.1.8b (3.1.8b)
)
(/usr/local/texlive/2021/texmf-dist/tex/generic/pgf/basiclayer/pgfcorepatterns.
code.tex
File: pgfcorepatterns.code.tex 2020/12/27 v3.1.8b (3.1.8b)
)
(/usr/local/texlive/2021/texmf-dist/tex/generic/pgf/basiclayer/pgfcorerdf.code.
tex
File: pgfcorerdf.code.tex 2020/12/27 v3.1.8b (3.1.8b)
))) (/usr/local/texlive/2021/texmf-dist/tex/latex/pgf/utilities/xxcolor.sty
Package: xxcolor 2003/10/24 ver 0.1
\XC@nummixins=\count285
\XC@countmixins=\count286
) (/usr/local/texlive/2021/texmf-dist/tex/latex/base/atbegshi-ltx.sty
Package: atbegshi-ltx 2020/08/17 v1.0a Emulation of the original atbegshi packa
ge
with kernel methods
)
(/usr/local/texlive/2021/texmf-dist/tex/latex/hyperref/hyperref.sty
Package: hyperref 2021-02-27 v7.00k Hypertext links for LaTeX

(/usr/local/texlive/2021/texmf-dist/tex/generic/ltxcmds/ltxcmds.sty
Package: ltxcmds 2020-05-10 v1.25 LaTeX kernel commands for general use (HO)
)
(/usr/local/texlive/2021/texmf-dist/tex/generic/pdftexcmds/pdftexcmds.sty
Package: pdftexcmds 2020-06-27 v0.33 Utility functions of pdfTeX for LuaTeX (HO
)

(/usr/local/texlive/2021/texmf-dist/tex/generic/infwarerr/infwarerr.sty
Package: infwarerr 2019/12/03 v1.5 Providing info/warning/error messages (HO)
)
Package pdftexcmds Info: \pdf@primitive is available.
Package pdftexcmds Info: \pdf@ifprimitive is available.
Package pdftexcmds Info: \pdfdraftmode found.
)
(/usr/local/texlive/2021/texmf-dist/tex/generic/kvsetkeys/kvsetkeys.sty
Package: kvsetkeys 2019/12/15 v1.18 Key value parser (HO)
)
(/usr/local/texlive/2021/texmf-dist/tex/generic/kvdefinekeys/kvdefinekeys.sty
Package: kvdefinekeys 2019-12-19 v1.6 Define keys (HO)
)
(/usr/local/texlive/2021/texmf-dist/tex/generic/pdfescape/pdfescape.sty
Package: pdfescape 2019/12/09 v1.15 Implements pdfTeX's escape features (HO)
)
(/usr/local/texlive/2021/texmf-dist/tex/latex/hycolor/hycolor.sty
Package: hycolor 2020-01-27 v1.10 Color options for hyperref/bookmark (HO)
)
(/usr/local/texlive/2021/texmf-dist/tex/latex/letltxmacro/letltxmacro.sty
Package: letltxmacro 2019/12/03 v1.6 Let assignment for LaTeX macros (HO)
)
(/usr/local/texlive/2021/texmf-dist/tex/latex/auxhook/auxhook.sty
Package: auxhook 2019-12-17 v1.6 Hooks for auxiliary files (HO)
)
(/usr/local/texlive/2021/texmf-dist/tex/latex/kvoptions/kvoptions.sty
Package: kvoptions 2020-10-07 v3.14 Key value format for package options (HO)
)
\@linkdim=\dimen257
\Hy@linkcounter=\count287
\Hy@pagecounter=\count288

(/usr/local/texlive/2021/texmf-dist/tex/latex/hyperref/pd1enc.def
File: pd1enc.def 2021-02-27 v7.00k Hyperref: PDFDocEncoding definition (HO)
Now handling font encoding PD1 ...
... no UTF-8 mapping file for font encoding PD1
)
(/usr/local/texlive/2021/texmf-dist/tex/latex/hyperref/hyperref-langpatches.def
File: hyperref-langpatches.def 2021-02-27 v7.00k Hyperref: patches for babel la
nguages
) (/usr/local/texlive/2021/texmf-dist/tex/generic/intcalc/intcalc.sty
Package: intcalc 2019/12/15 v1.3 Expandable calculations with integers (HO)
)
(/usr/local/texlive/2021/texmf-dist/tex/generic/etexcmds/etexcmds.sty
Package: etexcmds 2019/12/15 v1.7 Avoid name clashes with e-TeX commands (HO)
)
\Hy@SavedSpaceFactor=\count289

(/usr/local/texlive/2021/texmf-dist/tex/latex/hyperref/puenc.def
File: puenc.def 2021-02-27 v7.00k Hyperref: PDF Unicode definition (HO)
Now handling font encoding PU ...
... no UTF-8 mapping file for font encoding PU
)
Package hyperref Info: Option `bookmarks' set `true' on input line 4073.
Package hyperref Info: Option `bookmarksopen' set `true' on input line 4073.
Package hyperref Info: Option `implicit' set `false' on input line 4073.
Package hyperref Info: Hyper figures OFF on input line 4192.
Package hyperref Info: Link nesting OFF on input line 4197.
Package hyperref Info: Hyper index ON on input line 4200.
Package hyperref Info: Plain pages OFF on input line 4207.
Package hyperref Info: Backreferencing OFF on input line 4212.
Package hyperref Info: Implicit mode OFF; no redefinition of LaTeX internals.
Package hyperref Info: Bookmarks ON on input line 4445.
\c@Hy@tempcnt=\count290

(/usr/local/texlive/2021/texmf-dist/tex/latex/url/url.sty
\Urlmuskip=\muskip16
Package: url 2013/09/16  ver 3.4  Verb mode for urls, etc.
)
LaTeX Info: Redefining \url on input line 4804.
\XeTeXLinkMargin=\dimen258

(/usr/local/texlive/2021/texmf-dist/tex/generic/bitset/bitset.sty
Package: bitset 2019/12/09 v1.3 Handle bit-vector datatype (HO)

(/usr/local/texlive/2021/texmf-dist/tex/generic/bigintcalc/bigintcalc.sty
Package: bigintcalc 2019/12/15 v1.5 Expandable calculations on big integers (HO
)
))
\Fld@menulength=\count291
\Field@Width=\dimen259
\Fld@charsize=\dimen260
Package hyperref Info: Hyper figures OFF on input line 6075.
Package hyperref Info: Link nesting OFF on input line 6080.
Package hyperref Info: Hyper index ON on input line 6083.
Package hyperref Info: backreferencing OFF on input line 6090.
Package hyperref Info: Link coloring OFF on input line 6095.
Package hyperref Info: Link coloring with OCG OFF on input line 6100.
Package hyperref Info: PDF/A mode OFF on input line 6105.
LaTeX Info: Redefining \ref on input line 6145.
LaTeX Info: Redefining \pageref on input line 6149.
\Hy@abspage=\count292


Package hyperref Message: Stopped early.

)
Package hyperref Info: Driver (autodetected): hpdftex.
 (/usr/local/texlive/2021/texmf-dist/tex/latex/hyperref/hpdftex.def
File: hpdftex.def 2021-02-27 v7.00k Hyperref driver for pdfTeX

(/usr/local/texlive/2021/texmf-dist/tex/latex/base/atveryend-ltx.sty
Package: atveryend-ltx 2020/08/19 v1.0a Emulation of the original atvery packag
e
with kernel methods
)
\Fld@listcount=\count293
\c@bookmark@seq@number=\count294

(/usr/local/texlive/2021/texmf-dist/tex/latex/rerunfilecheck/rerunfilecheck.sty
Package: rerunfilecheck 2019/12/05 v1.9 Rerun checks for auxiliary files (HO)

(/usr/local/texlive/2021/texmf-dist/tex/generic/uniquecounter/uniquecounter.sty
Package: uniquecounter 2019/12/15 v1.4 Provide unlimited unique counter (HO)
)
Package uniquecounter Info: New unique counter `rerunfilecheck' on input line 2
86.
)) (/usr/local/texlive/2021/texmf-dist/tex/latex/beamer/beamerbaserequires.sty
(/usr/local/texlive/2021/texmf-dist/tex/latex/beamer/beamerbasecompatibility.st
y) (/usr/local/texlive/2021/texmf-dist/tex/latex/beamer/beamerbasefont.sty
(/usr/local/texlive/2021/texmf-dist/tex/latex/amsfonts/amssymb.sty
Package: amssymb 2013/01/14 v3.01 AMS font symbols

(/usr/local/texlive/2021/texmf-dist/tex/latex/amsfonts/amsfonts.sty
Package: amsfonts 2013/01/14 v3.01 Basic AMSFonts support
\@emptytoks=\toks27
\symAMSa=\mathgroup4
\symAMSb=\mathgroup5
LaTeX Font Info:    Redeclaring math symbol \hbar on input line 98.
LaTeX Font Info:    Overwriting math alphabet `\mathfrak' in version `bold'
(Font)                  U/euf/m/n --> U/euf/b/n on input line 106.
))
(/usr/local/texlive/2021/texmf-dist/tex/latex/sansmathaccent/sansmathaccent.sty
Package: sansmathaccent 2020/01/31
(/usr/local/texlive/2021/texmf-dist/tex/latex/koma-script/scrlfile.sty
Package: scrlfile 2021/03/17 v3.33 KOMA-Script package (file load hooks)

(/usr/local/texlive/2021/texmf-dist/tex/latex/koma-script/scrlfile-hook.sty
Package: scrlfile-hook 2021/03/17 v3.33 KOMA-Script package (using LaTeX hooks)


LaTeX3 Info: Defining command \BeforeFile with sig. 'm' on line 61.


LaTeX3 Info: Defining command \AfterFile with sig. 'm' on line 65.


LaTeX3 Info: Defining command \BeforeClass with sig. 'm' on line 69.


LaTeX3 Info: Defining command \BeforePackage with sig. 'm' on line 73.


LaTeX3 Info: Defining command \AfterAtEndOfClass with sig. 'smo+m' on line 83.


LaTeX3 Info: Defining command \AfterAtEndOfPackage with sig. 'smo+m' on line
(LaTeX3)     93.


LaTeX3 Info: Defining command \scrlfile@AfterClass with sig. 'smo+m' on line
(LaTeX3)     173.


LaTeX3 Info: Defining command \AfterClass with sig. '' on line 174.


LaTeX3 Info: Defining command \scrlfile@AfterPackage with sig. 'smo+m' on line
(LaTeX3)     191.


LaTeX3 Info: Defining command \AfterPackage with sig. '' on line 192.


LaTeX3 Info: Defining command \ReplaceInput with sig. '' on line 193.


LaTeX3 Info: Defining command \ReplaceClass with sig. 'mm' on line 196.


LaTeX3 Info: Defining command \ReplacePackage with sig. 'mm' on line 199.


LaTeX3 Info: Defining command \UnReplaceInput with sig. '' on line 200.


LaTeX3 Info: Defining command \UnReplaceClass with sig. 'm' on line 203.


LaTeX3 Info: Defining command \UnReplacePackage with sig. 'mm' on line 206.


LaTeX3 Info: Defining command \PreventPackageFromLoading with sig. 's+om' on
(LaTeX3)     line 234.


LaTeX3 Info: Defining command \StorePreventPackageFromLoading with sig. 'm' on
(LaTeX3)     line 242.


LaTeX3 Info: Defining command \ResetPreventPackageFromLoading with sig. '' on
(LaTeX3)     line 247.


LaTeX3 Info: Defining command \UnPreventPackageFromLoading with sig. 'sm' on
(LaTeX3)     line 261.


LaTeX3 Info: Defining command \BeforeClosingMainAux with sig. 'om' on line
(LaTeX3)     274.


LaTeX3 Info: Defining command \AfterReadingMainAux with sig. 'om' on line 287.


LaTeX3 Info: Defining command \protected@immediate@write with sig. 'm+m+m' on
(LaTeX3)     line 298.


(/usr/local/texlive/2021/texmf-dist/tex/latex/koma-script/scrlogo.sty
Package: scrlogo 2021/03/17 v3.33 KOMA-Script package (logo)
)))))
(/usr/local/texlive/2021/texmf-dist/tex/latex/beamer/beamerbasetranslator.sty
(/usr/local/texlive/2021/texmf-dist/tex/latex/translator/translator.sty
Package: translator 2020-08-03 v1.12c Easy translation of strings in LaTeX
))
(/usr/local/texlive/2021/texmf-dist/tex/latex/beamer/beamerbasemisc.sty)
(/usr/local/texlive/2021/texmf-dist/tex/latex/beamer/beamerbasetwoscreens.sty)
(/usr/local/texlive/2021/texmf-dist/tex/latex/beamer/beamerbaseoverlay.sty
\beamer@argscount=\count295
\beamer@lastskipcover=\skip50
\beamer@trivlistdepth=\count296
)
(/usr/local/texlive/2021/texmf-dist/tex/latex/beamer/beamerbasetitle.sty)
(/usr/local/texlive/2021/texmf-dist/tex/latex/beamer/beamerbasesection.sty
\c@lecture=\count297
\c@part=\count298
\c@section=\count299
\c@subsection=\count300
\c@subsubsection=\count301
)
(/usr/local/texlive/2021/texmf-dist/tex/latex/beamer/beamerbaseframe.sty
\beamer@framebox=\box62
\beamer@frametitlebox=\box63
\beamer@zoombox=\box64
\beamer@zoomcount=\count302
\beamer@zoomframecount=\count303
\beamer@frametextheight=\dimen261
\c@subsectionslide=\count304
\beamer@frametopskip=\skip51
\beamer@framebottomskip=\skip52
\beamer@frametopskipautobreak=\skip53
\beamer@framebottomskipautobreak=\skip54
\beamer@envbody=\toks28
\framewidth=\dimen262
\c@framenumber=\count305
)
(/usr/local/texlive/2021/texmf-dist/tex/latex/beamer/beamerbaseverbatim.sty
\beamer@verbatimfileout=\write4
)
(/usr/local/texlive/2021/texmf-dist/tex/latex/beamer/beamerbaseframesize.sty
\beamer@splitbox=\box65
\beamer@autobreakcount=\count306
\beamer@autobreaklastheight=\dimen263
\beamer@frametitletoks=\toks29
\beamer@framesubtitletoks=\toks30
)
(/usr/local/texlive/2021/texmf-dist/tex/latex/beamer/beamerbaseframecomponents.
sty
\beamer@footins=\box66
) (/usr/local/texlive/2021/texmf-dist/tex/latex/beamer/beamerbasecolor.sty)
(/usr/local/texlive/2021/texmf-dist/tex/latex/beamer/beamerbasenotes.sty
\beamer@frameboxcopy=\box67
)
(/usr/local/texlive/2021/texmf-dist/tex/latex/beamer/beamerbasetoc.sty)
(/usr/local/texlive/2021/texmf-dist/tex/latex/beamer/beamerbasetemplates.sty
\beamer@sbttoks=\toks31

(/usr/local/texlive/2021/texmf-dist/tex/latex/beamer/beamerbaseauxtemplates.sty
(/usr/local/texlive/2021/texmf-dist/tex/latex/beamer/beamerbaseboxes.sty
\bmb@box=\box68
\bmb@colorbox=\box69
\bmb@boxwidth=\dimen264
\bmb@boxheight=\dimen265
\bmb@prevheight=\dimen266
\bmb@temp=\dimen267
\bmb@dima=\dimen268
\bmb@dimb=\dimen269
\bmb@prevheight=\dimen270
)
\beamer@blockheadheight=\dimen271
))
(/usr/local/texlive/2021/texmf-dist/tex/latex/beamer/beamerbaselocalstructure.s
ty (/usr/local/texlive/2021/texmf-dist/tex/latex/tools/enumerate.sty
Package: enumerate 2015/07/23 v3.00 enumerate extensions (DPC)
\@enLab=\toks32
)
\beamer@bibiconwidth=\skip55
\c@figure=\count307
\c@table=\count308
\abovecaptionskip=\skip56
\belowcaptionskip=\skip57
)
(/usr/local/texlive/2021/texmf-dist/tex/latex/beamer/beamerbasenavigation.sty
\beamer@section@min@dim=\dimen272
)
(/usr/local/texlive/2021/texmf-dist/tex/latex/beamer/beamerbasetheorems.sty
(/usr/local/texlive/2021/texmf-dist/tex/latex/amsmath/amsmath.sty
Package: amsmath 2020/09/23 v2.17i AMS math features
\@mathmargin=\skip58

For additional information on amsmath, use the `?' option.
(/usr/local/texlive/2021/texmf-dist/tex/latex/amsmath/amstext.sty
Package: amstext 2000/06/29 v2.01 AMS text

(/usr/local/texlive/2021/texmf-dist/tex/latex/amsmath/amsgen.sty
File: amsgen.sty 1999/11/30 v2.0 generic functions
\@emptytoks=\toks33
\ex@=\dimen273
))
(/usr/local/texlive/2021/texmf-dist/tex/latex/amsmath/amsbsy.sty
Package: amsbsy 1999/11/29 v1.2d Bold Symbols
\pmbraise@=\dimen274
)
(/usr/local/texlive/2021/texmf-dist/tex/latex/amsmath/amsopn.sty
Package: amsopn 2016/03/08 v2.02 operator names
)
\inf@bad=\count309
LaTeX Info: Redefining \frac on input line 234.
\uproot@=\count310
\leftroot@=\count311
LaTeX Info: Redefining \overline on input line 399.
\classnum@=\count312
\DOTSCASE@=\count313
LaTeX Info: Redefining \ldots on input line 496.
LaTeX Info: Redefining \dots on input line 499.
LaTeX Info: Redefining \cdots on input line 620.
\Mathstrutbox@=\box70
\strutbox@=\box71
\big@size=\dimen275
LaTeX Font Info:    Redeclaring font encoding OML on input line 743.
LaTeX Font Info:    Redeclaring font encoding OMS on input line 744.
\macc@depth=\count314
\c@MaxMatrixCols=\count315
\dotsspace@=\muskip17
\c@parentequation=\count316
\dspbrk@lvl=\count317
\tag@help=\toks34
\row@=\count318
\column@=\count319
\maxfields@=\count320
\andhelp@=\toks35
\eqnshift@=\dimen276
\alignsep@=\dimen277
\tagshift@=\dimen278
\tagwidth@=\dimen279
\totwidth@=\dimen280
\lineht@=\dimen281
\@envbody=\toks36
\multlinegap=\skip59
\multlinetaggap=\skip60
\mathdisplay@stack=\toks37
LaTeX Info: Redefining \[ on input line 2923.
LaTeX Info: Redefining \] on input line 2924.
)
(/usr/local/texlive/2021/texmf-dist/tex/latex/amscls/amsthm.sty
Package: amsthm 2020/05/29 v2.20.6
\thm@style=\toks38
\thm@bodyfont=\toks39
\thm@headfont=\toks40
\thm@notefont=\toks41
\thm@headpunct=\toks42
\thm@preskip=\skip61
\thm@postskip=\skip62
\thm@headsep=\skip63
\dth@everypar=\toks43
)
\c@theorem=\count321
)
(/usr/local/texlive/2021/texmf-dist/tex/latex/beamer/beamerbasethemes.sty))
(/usr/local/texlive/2021/texmf-dist/tex/latex/beamer/beamerthemedefault.sty
(/usr/local/texlive/2021/texmf-dist/tex/latex/beamer/beamerfontthemedefault.sty
)
(/usr/local/texlive/2021/texmf-dist/tex/latex/beamer/beamercolorthemedefault.st
y)
(/usr/local/texlive/2021/texmf-dist/tex/latex/beamer/beamerinnerthemedefault.st
y
\beamer@dima=\dimen282
\beamer@dimb=\dimen283
)
(/usr/local/texlive/2021/texmf-dist/tex/latex/beamer/beamerouterthemedefault.st
y)))
(/usr/local/texlive/2021/texmf-dist/tex/latex/beamer/beamercolorthemeseahorse.s
ty)
(/usr/local/texlive/2021/texmf-dist/tex/latex/beamer/beamerfontthemeserif.sty)
(/usr/local/texlive/2021/texmf-dist/tex/generic/babel/babel.sty
Package: babel 2021/03/24 3.56 The Babel package

(/usr/local/texlive/2021/texmf-dist/tex/generic/babel/babel.def
File: babel.def 2021/03/24 3.56 Babel common definitions
\babel@savecnt=\count322
\U@D=\dimen284
\l@babelnohyphens=\language87

(/usr/local/texlive/2021/texmf-dist/tex/generic/babel/txtbabel.def)
\bbl@readstream=\read3
)
LaTeX Info: Redefining \textlatin on input line 717.
\bbl@dirlevel=\count323

(/usr/local/texlive/2021/texmf-dist/tex/generic/babel-english/english.ldf
Language: english 2017/06/06 v3.3r English support from the babel system
Package babel Info: \l@canadian = using hyphenrules for english
(babel)             (\language0) on input line 102.
Package babel Info: \l@australian = using hyphenrules for ukenglish
(babel)             (\language21) on input line 105.
Package babel Info: \l@newzealand = using hyphenrules for ukenglish
(babel)             (\language21) on input line 108.
))
(/usr/local/texlive/2021/texmf-dist/tex/latex/base/inputenc.sty
Package: inputenc 2020/08/01 v1.3d Input encoding file
\inpenc@prehook=\toks44
\inpenc@posthook=\toks45

(/usr/local/texlive/2021/texmf-dist/tex/latex/ucs/utf8x.def
File: utf8x.def 2004/10/17 UCS: Input encoding UTF-8
))
(/usr/local/texlive/2021/texmf-dist/tex/latex/ucs/ucs.sty
Package: ucs 2013/05/11 v2.2 UCS: Unicode input support

(/usr/local/texlive/2021/texmf-dist/tex/latex/ucs/data/uni-global.def
File: uni-global.def 2013/05/13 UCS: Unicode global data
)
\uc@secondtry=\count324
\uc@combtoks=\toks46
\uc@combtoksb=\toks47
\uc@temptokena=\toks48
)
(/usr/local/texlive/2021/texmf-dist/tex/latex/tools/multicol.sty
Package: multicol 2019/12/09 v1.8y multicolumn formatting (FMi)
\c@tracingmulticols=\count325
\mult@box=\box72
\multicol@leftmargin=\dimen285
\c@unbalance=\count326
\c@collectmore=\count327
\doublecol@number=\count328
\multicoltolerance=\count329
\multicolpretolerance=\count330
\full@width=\dimen286
\page@free=\dimen287
\premulticols=\dimen288
\postmulticols=\dimen289
\multicolsep=\skip64
\multicolbaselineskip=\skip65
\partial@page=\box73
\last@line=\box74
\maxbalancingoverflow=\dimen290
\mult@rightbox=\box75
\mult@grightbox=\box76
\mult@gfirstbox=\box77
\mult@firstbox=\box78
\@tempa=\box79
\@tempa=\box80
\@tempa=\box81
\@tempa=\box82
\@tempa=\box83
\@tempa=\box84
\@tempa=\box85
\@tempa=\box86
\@tempa=\box87
\@tempa=\box88
\@tempa=\box89
\@tempa=\box90
\@tempa=\box91
\@tempa=\box92
\@tempa=\box93
\@tempa=\box94
\@tempa=\box95
\@tempa=\box96
\@tempa=\box97
\@tempa=\box98
\@tempa=\box99
\@tempa=\box100
\@tempa=\box101
\@tempa=\box102
\@tempa=\box103
\@tempa=\box104
\@tempa=\box105
\@tempa=\box106
\@tempa=\box107
\@tempa=\box108
\@tempa=\box109
\@tempa=\box110
\@tempa=\box111
\@tempa=\box112
\@tempa=\box113
\@tempa=\box114
\@tempa=\box115
\c@minrows=\count331
\c@columnbadness=\count332
\c@finalcolumnbadness=\count333
\last@try=\dimen291
\multicolovershoot=\dimen292
\multicolundershoot=\dimen293
\mult@nat@firstbox=\box116
\colbreak@box=\box117
\mc@col@check@num=\count334
)
(/usr/local/texlive/2021/texmf-dist/tex/latex/multirow/multirow.sty
Package: multirow 2021/03/15 v2.8 Span multiple rows of a table
\multirow@colwidth=\skip66
\multirow@cntb=\count335
\multirow@dima=\skip67
\bigstrutjot=\dimen294
)
(/usr/local/texlive/2021/texmf-dist/tex/latex/graphics/rotating.sty
Package: rotating 2016/08/11 v2.16d rotated objects in LaTeX

(/usr/local/texlive/2021/texmf-dist/tex/latex/base/ifthen.sty
Package: ifthen 2014/09/29 v1.1c Standard LaTeX ifthen package (DPC)
)
\c@r@tfl@t=\count336
\rotFPtop=\skip68
\rotFPbot=\skip69
\rot@float@box=\box118
\rot@mess@toks=\toks49
)
(/usr/local/texlive/2021/texmf-dist/tex/latex/movie15/movie15.sty
Package: movie15 2012/05/16

(/usr/local/texlive/2021/texmf-dist/tex/latex/oberdiek/ifdraft.sty
Package: ifdraft 2016/05/16 v1.4 Detect class options draft and final (HO)
)
(/usr/local/texlive/2021/texmf-dist/tex/latex/base/everyshi-ltx.sty
Package: everyshi-ltx 2020/08/17 v1.0a Emulation of the original everyshi packa
ge
with kernel methods
)
\@MXV@page=\count337
\@MXV@adict=\count338
\@MXV@aadict=\count339
\@MXV@includes=\count340
\@MXV@players=\count341
\@MXV@links=\count342
\@MXV@width=\dimen295
\@MXV@height=\dimen296
\@MXV@depth=\dimen297
\@MXV@totalheight=\dimen298
\@MXV@@boxdepth=\dimen299
\@MXV@traiselen=\dimen300
\@MXV@braiselen=\dimen301
\@MXV@start=\dimen302
\@MXV@end=\dimen303
\@MXV@textbox=\box119
)
(/usr/local/texlive/2021/texmf-dist/tex/latex/colortbl/colortbl.sty
Package: colortbl 2020/01/04 v1.0e Color table columns (DPC)

(/usr/local/texlive/2021/texmf-dist/tex/latex/tools/array.sty
Package: array 2020/10/01 v2.5c Tabular extension package (FMi)
\col@sep=\dimen304
\ar@mcellbox=\box120
\extrarowheight=\dimen305
\NC@list=\toks50
\extratabsurround=\skip70
\backup@length=\skip71
\ar@cellbox=\box121
)
\everycr=\toks51
\minrowclearance=\skip72
)
(/usr/local/texlive/2021/texmf-dist/tex/latex/tools/hhline.sty
Package: hhline 2020/01/04 v2.04 Table rule package (DPC)
)
(/usr/local/texlive/2021/texmf-dist/tex/latex/tools/verbatim.sty
Package: verbatim 2020-07-07 v1.5u LaTeX2e package for verbatim enhancements
\every@verbatim=\toks52
\verbatim@line=\toks53
\verbatim@in@stream=\read4
)

Package hyperref Warning: Token not allowed in a PDF string (Unicode):
(hyperref)                removing `\kernel@ifnextchar' on input line 48.

(/usr/local/texlive/2021/texmf-dist/tex/generic/iftex/ifxetex.sty
Package: ifxetex 2019/10/25 v0.7 ifxetex legacy package. Use iftex instead.
)
(/usr/local/texlive/2021/texmf-dist/tex/generic/iftex/ifluatex.sty
Package: ifluatex 2019/10/25 v1.5 ifluatex legacy package. Use iftex instead.
)
(/usr/local/texlive/2021/texmf-dist/tex/latex/pgf/frontendlayer/tikz.sty
(/usr/local/texlive/2021/texmf-dist/tex/latex/pgf/basiclayer/pgf.sty
Package: pgf 2020/12/27 v3.1.8b (3.1.8b)

(/usr/local/texlive/2021/texmf-dist/tex/generic/pgf/modules/pgfmoduleshapes.cod
e.tex
File: pgfmoduleshapes.code.tex 2020/12/27 v3.1.8b (3.1.8b)
\pgfnodeparttextbox=\box122
)
(/usr/local/texlive/2021/texmf-dist/tex/generic/pgf/modules/pgfmoduleplot.code.
tex
File: pgfmoduleplot.code.tex 2020/12/27 v3.1.8b (3.1.8b)
)
(/usr/local/texlive/2021/texmf-dist/tex/latex/pgf/compatibility/pgfcomp-version
-0-65.sty
Package: pgfcomp-version-0-65 2020/12/27 v3.1.8b (3.1.8b)
\pgf@nodesepstart=\dimen306
\pgf@nodesepend=\dimen307
)
(/usr/local/texlive/2021/texmf-dist/tex/latex/pgf/compatibility/pgfcomp-version
-1-18.sty
Package: pgfcomp-version-1-18 2020/12/27 v3.1.8b (3.1.8b)
))
(/usr/local/texlive/2021/texmf-dist/tex/latex/pgf/utilities/pgffor.sty
(/usr/local/texlive/2021/texmf-dist/tex/latex/pgf/utilities/pgfkeys.sty
(/usr/local/texlive/2021/texmf-dist/tex/generic/pgf/utilities/pgfkeys.code.tex)
) (/usr/local/texlive/2021/texmf-dist/tex/latex/pgf/math/pgfmath.sty
(/usr/local/texlive/2021/texmf-dist/tex/generic/pgf/math/pgfmath.code.tex))
(/usr/local/texlive/2021/texmf-dist/tex/generic/pgf/utilities/pgffor.code.tex
Package: pgffor 2020/12/27 v3.1.8b (3.1.8b)

(/usr/local/texlive/2021/texmf-dist/tex/generic/pgf/math/pgfmath.code.tex)
\pgffor@iter=\dimen308
\pgffor@skip=\dimen309
\pgffor@stack=\toks54
\pgffor@toks=\toks55
))
(/usr/local/texlive/2021/texmf-dist/tex/generic/pgf/frontendlayer/tikz/tikz.cod
e.tex
Package: tikz 2020/12/27 v3.1.8b (3.1.8b)

(/usr/local/texlive/2021/texmf-dist/tex/generic/pgf/libraries/pgflibraryplothan
dlers.code.tex
File: pgflibraryplothandlers.code.tex 2020/12/27 v3.1.8b (3.1.8b)
\pgf@plot@mark@count=\count343
\pgfplotmarksize=\dimen310
)
\tikz@lastx=\dimen311
\tikz@lasty=\dimen312
\tikz@lastxsaved=\dimen313
\tikz@lastysaved=\dimen314
\tikz@lastmovetox=\dimen315
\tikz@lastmovetoy=\dimen316
\tikzleveldistance=\dimen317
\tikzsiblingdistance=\dimen318
\tikz@figbox=\box123
\tikz@figbox@bg=\box124
\tikz@tempbox=\box125
\tikz@tempbox@bg=\box126
\tikztreelevel=\count344
\tikznumberofchildren=\count345
\tikznumberofcurrentchild=\count346
\tikz@fig@count=\count347

(/usr/local/texlive/2021/texmf-dist/tex/generic/pgf/modules/pgfmodulematrix.cod
e.tex
File: pgfmodulematrix.code.tex 2020/12/27 v3.1.8b (3.1.8b)
\pgfmatrixcurrentrow=\count348
\pgfmatrixcurrentcolumn=\count349
\pgf@matrix@numberofcolumns=\count350
)
\tikz@expandcount=\count351

(/usr/local/texlive/2021/texmf-dist/tex/generic/pgf/frontendlayer/tikz/librarie
s/tikzlibrarytopaths.code.tex
File: tikzlibrarytopaths.code.tex 2020/12/27 v3.1.8b (3.1.8b)
)))
(/usr/local/texlive/2021/texmf-dist/tex/latex/framed/framed.sty
Package: framed 2011/10/22 v 0.96: framed or shaded text with page breaks
\OuterFrameSep=\skip73
\fb@frw=\dimen319
\fb@frh=\dimen320
\FrameRule=\dimen321
\FrameSep=\dimen322
)
(/usr/local/texlive/2021/texmf-dist/tex/latex/base/fontenc.sty
Package: fontenc 2020/08/10 v2.0s Standard LaTeX package
)
(/usr/local/texlive/2021/texmf-dist/tex/latex/libertine/libertine.sty
Package: libertine 2020/03/26 (Bob Tennent) Supports Libertine and Biolinum fon
ts for all LaTeX engines.

(/usr/local/texlive/2021/texmf-dist/tex/latex/xkeyval/xkeyval.sty
Package: xkeyval 2020/11/20 v2.8 package option processing (HA)

(/usr/local/texlive/2021/texmf-dist/tex/generic/xkeyval/xkeyval.tex
(/usr/local/texlive/2021/texmf-dist/tex/generic/xkeyval/xkvutils.tex
\XKV@toks=\toks56
\XKV@tempa@toks=\toks57
)
\XKV@depth=\count352
File: xkeyval.tex 2014/12/03 v2.7a key=value parser (HA)
))
(/usr/local/texlive/2021/texmf-dist/tex/latex/base/textcomp.sty
Package: textcomp 2020/02/02 v2.0n Standard LaTeX package
)
(/usr/local/texlive/2021/texmf-dist/tex/latex/base/fontenc.sty
Package: fontenc 2020/08/10 v2.0s Standard LaTeX package
)
(/usr/local/texlive/2021/texmf-dist/tex/latex/fontaxes/fontaxes.sty
Package: fontaxes 2020/07/21 v1.0e Font selection axes
LaTeX Info: Redefining \upshape on input line 29.
LaTeX Info: Redefining \itshape on input line 31.
LaTeX Info: Redefining \slshape on input line 33.
LaTeX Info: Redefining \swshape on input line 35.
LaTeX Info: Redefining \scshape on input line 37.
LaTeX Info: Redefining \sscshape on input line 39.
LaTeX Info: Redefining \ulcshape on input line 41.
LaTeX Info: Redefining \textsw on input line 47.
LaTeX Info: Redefining \textssc on input line 48.
LaTeX Info: Redefining \textulc on input line 49.
)
LaTeX Info: Redefining \oldstylenums on input line 484.

(/usr/local/texlive/2021/texmf-dist/tex/latex/libertine/LinLibertine_I.tex))
LaTeX Font Info:    Trying to load font information for T1+LinuxLibertineT-TLF 
on input line 129.

(/usr/local/texlive/2021/texmf-dist/tex/latex/libertine/T1LinuxLibertineT-TLF.f
d
File: T1LinuxLibertineT-TLF.fd 2017/03/20 (autoinst) Font definitions for T1/Li
nuxLibertineT-TLF.
)
LaTeX Font Info:    Font shape `T1/LinuxLibertineT-TLF/m/n' will be
(Font)              scaled to size 10.95pt on input line 129.
 (/usr/local/texlive/2021/texmf-dist/tex/latex/l3backend/l3backend-pdftex.def
File: l3backend-pdftex.def 2021-03-18 L3 backend support: PDF output (pdfTeX)
\l__color_backend_stack_int=\count353
\l__pdf_internal_box=\box127
) (./BUAD2060_BusinessStatistics_Fall2020.aux)
\openout1 = `BUAD2060_BusinessStatistics_Fall2020.aux'.

LaTeX Font Info:    Checking defaults for OML/cmm/m/it on input line 129.
LaTeX Font Info:    ... okay on input line 129.
LaTeX Font Info:    Checking defaults for OMS/cmsy/m/n on input line 129.
LaTeX Font Info:    ... okay on input line 129.
LaTeX Font Info:    Checking defaults for OT1/cmr/m/n on input line 129.
LaTeX Font Info:    ... okay on input line 129.
LaTeX Font Info:    Checking defaults for T1/cmr/m/n on input line 129.
LaTeX Font Info:    ... okay on input line 129.
LaTeX Font Info:    Checking defaults for TS1/cmr/m/n on input line 129.
LaTeX Font Info:    ... okay on input line 129.
LaTeX Font Info:    Checking defaults for OMX/cmex/m/n on input line 129.
LaTeX Font Info:    ... okay on input line 129.
LaTeX Font Info:    Checking defaults for U/cmr/m/n on input line 129.
LaTeX Font Info:    ... okay on input line 129.
LaTeX Font Info:    Checking defaults for PD1/pdf/m/n on input line 129.
LaTeX Font Info:    ... okay on input line 129.
LaTeX Font Info:    Checking defaults for PU/pdf/m/n on input line 129.
LaTeX Font Info:    ... okay on input line 129.

*geometry* driver: auto-detecting
*geometry* detected driver: pdftex
*geometry* verbose mode - [ preamble ] result:
* driver: pdftex
* paper: custom
* layout: <same size as paper>
* layoutoffset:(h,v)=(0.0pt,0.0pt)
* modes: includehead includefoot 
* h-part:(L,W,R)=(28.45274pt, 307.28987pt, 28.45274pt)
* v-part:(T,H,B)=(0.0pt, 273.14662pt, 0.0pt)
* \paperwidth=364.19536pt
* \paperheight=273.14662pt
* \textwidth=307.28987pt
* \textheight=244.6939pt
* \oddsidemargin=-43.81725pt
* \evensidemargin=-43.81725pt
* \topmargin=-72.26999pt
* \headheight=14.22636pt
* \headsep=0.0pt
* \topskip=11.0pt
* \footskip=14.22636pt
* \marginparwidth=4.0pt
* \marginparsep=10.0pt
* \columnsep=10.0pt
* \skip\footins=10.0pt plus 4.0pt minus 2.0pt
* \hoffset=0.0pt
* \voffset=0.0pt
* \mag=1000
* \@twocolumnfalse
* \@twosidefalse
* \@mparswitchfalse
* \@reversemarginfalse
* (1in=72.27pt=25.4mm, 1cm=28.453pt)

(/usr/local/texlive/2021/texmf-dist/tex/context/base/mkii/supp-pdf.mkii
[Loading MPS to PDF converter (version 2006.09.02).]
\scratchcounter=\count354
\scratchdimen=\dimen323
\scratchbox=\box128
\nofMPsegments=\count355
\nofMParguments=\count356
\everyMPshowfont=\toks58
\MPscratchCnt=\count357
\MPscratchDim=\dimen324
\MPnumerator=\count358
\makeMPintoPDFobject=\count359
\everyMPtoPDFconversion=\toks59
) (/usr/local/texlive/2021/texmf-dist/tex/latex/epstopdf-pkg/epstopdf-base.sty
Package: epstopdf-base 2020-01-24 v2.11 Base part for package epstopdf
Package epstopdf-base Info: Redefining graphics rule for `.eps' on input line 4
85.

(/usr/local/texlive/2021/texmf-dist/tex/latex/latexconfig/epstopdf-sys.cfg
File: epstopdf-sys.cfg 2010/07/13 v1.3 Configuration of (r)epstopdf for TeX Liv
e
))
Package hyperref Info: Link coloring OFF on input line 129.

(/usr/local/texlive/2021/texmf-dist/tex/latex/hyperref/nameref.sty
Package: nameref 2021-04-02 v2.47 Cross-referencing by name of section

(/usr/local/texlive/2021/texmf-dist/tex/latex/refcount/refcount.sty
Package: refcount 2019/12/15 v3.6 Data extraction from label references (HO)
)
(/usr/local/texlive/2021/texmf-dist/tex/generic/gettitlestring/gettitlestring.s
ty
Package: gettitlestring 2019/12/15 v1.6 Cleanup title references (HO)
)
\c@section@level=\count360
)
LaTeX Info: Redefining \ref on input line 129.
LaTeX Info: Redefining \pageref on input line 129.
LaTeX Info: Redefining \nameref on input line 129.
 (./BUAD2060_BusinessStatistics_Fall2020.out)
(./BUAD2060_BusinessStatistics_Fall2020.out)
\@outlinefile=\write5
\openout5 = `BUAD2060_BusinessStatistics_Fall2020.out'.

\symnumbers=\mathgroup6
\sympureletters=\mathgroup7
LaTeX Font Info:    Overwriting math alphabet `\mathrm' in version `normal'
(Font)                  OT1/cmr/m/n --> T1/LinuxLibertineT-TLF/m/n on input lin
e 129.
LaTeX Font Info:    Redeclaring math alphabet \mathbf on input line 129.
LaTeX Font Info:    Overwriting math alphabet `\mathbf' in version `normal'
(Font)                  OT1/cmr/bx/n --> T1/LinuxLibertineT-TLF/b/n on input li
ne 129.
LaTeX Font Info:    Overwriting math alphabet `\mathbf' in version `bold'
(Font)                  OT1/cmr/bx/n --> T1/LinuxLibertineT-TLF/b/n on input li
ne 129.
LaTeX Font Info:    Redeclaring math alphabet \mathsf on input line 129.
LaTeX Font Info:    Overwriting math alphabet `\mathsf' in version `normal'
(Font)                  OT1/cmss/m/n --> T1/LinuxBiolinumT-TLF/m/n on input lin
e 129.
LaTeX Font Info:    Overwriting math alphabet `\mathsf' in version `bold'
(Font)                  OT1/cmss/bx/n --> T1/LinuxBiolinumT-TLF/m/n on input li
ne 129.
LaTeX Font Info:    Redeclaring math alphabet \mathit on input line 129.
LaTeX Font Info:    Overwriting math alphabet `\mathit' in version `normal'
(Font)                  OT1/cmr/m/it --> T1/LinuxLibertineT-TLF/m/it on input l
ine 129.
LaTeX Font Info:    Overwriting math alphabet `\mathit' in version `bold'
(Font)                  OT1/cmr/bx/it --> T1/LinuxLibertineT-TLF/m/it on input 
line 129.
LaTeX Font Info:    Redeclaring math alphabet \mathtt on input line 129.
LaTeX Font Info:    Overwriting math alphabet `\mathtt' in version `normal'
(Font)                  OT1/cmtt/m/n --> T1/LinuxLibertineMonoT-TLF/m/n on inpu
t line 129.
LaTeX Font Info:    Overwriting math alphabet `\mathtt' in version `bold'
(Font)                  OT1/cmtt/m/n --> T1/LinuxLibertineMonoT-TLF/m/n on inpu
t line 129.
LaTeX Font Info:    Overwriting symbol font `numbers' in version `bold'
(Font)                  T1/LinuxLibertineT-TLF/m/n --> T1/LinuxLibertineT-TLF/b
/n on input line 129.
LaTeX Font Info:    Overwriting symbol font `pureletters' in version `bold'
(Font)                  T1/LinuxLibertineT-TLF/m/it --> T1/LinuxLibertineT-TLF/
b/it on input line 129.
LaTeX Font Info:    Overwriting math alphabet `\mathrm' in version `bold'
(Font)                  OT1/cmr/bx/n --> T1/LinuxLibertineT-TLF/b/n on input li
ne 129.
LaTeX Font Info:    Overwriting math alphabet `\mathbf' in version `bold'
(Font)                  T1/LinuxLibertineT-TLF/b/n --> T1/LinuxLibertineT-TLF/b
/n on input line 129.
LaTeX Font Info:    Overwriting math alphabet `\mathsf' in version `bold'
(Font)                  T1/LinuxBiolinumT-TLF/m/n --> T1/LinuxBiolinumT-TLF/b/n
 on input line 129.
LaTeX Font Info:    Overwriting math alphabet `\mathit' in version `bold'
(Font)                  T1/LinuxLibertineT-TLF/m/it --> T1/LinuxLibertineT-TLF/
b/it on input line 129.
LaTeX Font Info:    Overwriting math alphabet `\mathtt' in version `bold'
(Font)                  T1/LinuxLibertineMonoT-TLF/m/n --> T1/LinuxLibertineMon
oT-TLF/b/n on input line 129.

(/usr/local/texlive/2021/texmf-dist/tex/latex/translator/translator-basic-dicti
onary-English.dict
Dictionary: translator-basic-dictionary, Language: English 
)
(/usr/local/texlive/2021/texmf-dist/tex/latex/translator/translator-bibliograph
y-dictionary-English.dict
Dictionary: translator-bibliography-dictionary, Language: English 
)
(/usr/local/texlive/2021/texmf-dist/tex/latex/translator/translator-environment
-dictionary-English.dict
Dictionary: translator-environment-dictionary, Language: English 
)
(/usr/local/texlive/2021/texmf-dist/tex/latex/translator/translator-months-dict
ionary-English.dict
Dictionary: translator-months-dictionary, Language: English 
)
(/usr/local/texlive/2021/texmf-dist/tex/latex/translator/translator-numbers-dic
tionary-English.dict
Dictionary: translator-numbers-dictionary, Language: English 
)
(/usr/local/texlive/2021/texmf-dist/tex/latex/translator/translator-theorem-dic
tionary-English.dict
Dictionary: translator-theorem-dictionary, Language: English 
)
(/usr/local/texlive/2021/texmf-dist/tex/latex/ucs/ucsencs.def
File: ucsencs.def 2011/01/21 Fixes to fontencodings LGR, T3
)
\c@mv@tabular=\count361
\c@mv@boldtabular=\count362

(./BUAD2060_BusinessStatistics_Fall2020.nav)
LaTeX Font Info:    Font shape `T1/LinuxLibertineT-TLF/m/n' will be
(Font)              scaled to size 6.0pt on input line 129.
LaTeX Font Info:    Font shape `T1/LinuxLibertineT-TLF/m/n' will be
(Font)              scaled to size 14.4pt on input line 134.
LaTeX Font Info:    Font shape `T1/LinuxLibertineT-TLF/m/n' will be
(Font)              scaled to size 8.0pt on input line 134.
<images/wsulogo.png, id=97, 144.54pt x 115.632pt>
File: images/wsulogo.png Graphic file (type png)
<use images/wsulogo.png>
Package pdftex.def Info: images/wsulogo.png  used on input line 134.
(pdftex.def)             Requested size: 56.9055pt x 45.52327pt.
LaTeX Font Info:    Font shape `T1/LinuxLibertineT-TLF/m/n' will be
(Font)              scaled to size 4.0pt on input line 134.
 [1

{/usr/local/texlive/2021/texmf-var/fonts/map/pdftex/updmap/pdftex.map} <./image
s/wsulogo.png>]
LaTeX Font Info:    Font shape `T1/LinuxLibertineT-TLF/m/n' will be
(Font)              scaled to size 10.0pt on input line 149.

(./BUAD2060_BusinessStatistics_Fall2020.toc
LaTeX Font Info:    Font shape `T1/LinuxLibertineT-TLF/m/n' will be
(Font)              scaled to size 9.0pt on input line 10.
) [2

]
(./BUAD2060_BusinessStatistics_Fall2020.toc) [3

]
(./BUAD2060_BusinessStatistics_Fall2020.toc
LaTeX Font Info:    Trying to load font information for U+msa on input line 49.


(/usr/local/texlive/2021/texmf-dist/tex/latex/amsfonts/umsa.fd
File: umsa.fd 2013/01/14 v3.01 AMS symbols A
)
LaTeX Font Info:    Trying to load font information for U+msb on input line 49.


(/usr/local/texlive/2021/texmf-dist/tex/latex/amsfonts/umsb.fd
File: umsb.fd 2013/01/14 v3.01 AMS symbols B
)
LaTeX Font Info:    Font shape `T1/LinuxLibertineT-TLF/m/n' will be
(Font)              scaled to size 7.0pt on input line 49.
LaTeX Font Info:    Font shape `T1/LinuxLibertineT-TLF/m/n' will be
(Font)              scaled to size 5.0pt on input line 49.
LaTeX Font Info:    Font shape `T1/LinuxLibertineT-TLF/m/it' will be
(Font)              scaled to size 10.0pt on input line 49.
LaTeX Font Info:    Font shape `T1/LinuxLibertineT-TLF/m/it' will be
(Font)              scaled to size 7.0pt on input line 49.
LaTeX Font Info:    Font shape `T1/LinuxLibertineT-TLF/m/it' will be
(Font)              scaled to size 5.0pt on input line 49.
) [4

] [5

]
<dilbertStatistics.png, id=268, 669.2503pt x 202.50656pt>
File: dilbertStatistics.png Graphic file (type png)
<use dilbertStatistics.png>
Package pdftex.def Info: dilbertStatistics.png  used on input line 190.
(pdftex.def)             Requested size: 321.2365pt x 97.20203pt.

Overfull \hbox (13.94662pt too wide) in paragraph at lines 190--190
 [] 
 []

[6

 <./dilbertStatistics.png>]
LaTeX Font Info:    Font shape `T1/LinuxLibertineT-TLF/m/it' will be
(Font)              scaled to size 10.95pt on input line 209.
LaTeX Font Info:    Trying to load font information for T1+LinuxLibertineT-LF o
n input line 209.

(/usr/local/texlive/2021/texmf-dist/tex/latex/libertine/T1LinuxLibertineT-LF.fd
File: T1LinuxLibertineT-LF.fd 2017/03/20 (autoinst) Font definitions for T1/Lin
uxLibertineT-LF.
)
LaTeX Font Info:    Font shape `T1/LinuxLibertineT-LF/m/it' will be
(Font)              scaled to size 60.0pt on input line 209.
 [7

] [8

]
<illustration-of-florence-nightingale-holding-lamp.jpg, id=286, 198.9834pt x 28
9.08pt>
File: illustration-of-florence-nightingale-holding-lamp.jpg Graphic file (type 
jpg)
<use illustration-of-florence-nightingale-holding-lamp.jpg>
Package pdftex.def Info: illustration-of-florence-nightingale-holding-lamp.jpg 
 used on input line 239.
(pdftex.def)             Requested size: 94.008pt x 136.5733pt.
<nightingaleChart.jpg, id=287, 578.16pt x 380.1402pt>
File: nightingaleChart.jpg Graphic file (type jpg)
<use nightingaleChart.jpg>
Package pdftex.def Info: nightingaleChart.jpg  used on input line 239.
(pdftex.def)             Requested size: 207.72281pt x 136.5733pt.
 [9

 <./illustration-of-florence-nightingale-holding-lamp.jpg> <./nightingaleChart.
jpg>]
<edwardDeming.jpg, id=293, 207.02344pt x 250.68657pt>
File: edwardDeming.jpg Graphic file (type jpg)
<use edwardDeming.jpg>
Package pdftex.def Info: edwardDeming.jpg  used on input line 249.
(pdftex.def)             Requested size: 110.43896pt x 133.72786pt.
<redBeads.png, id=294, 475.7775pt x 327.47343pt>
File: redBeads.png Graphic file (type png)
<use redBeads.png>
Package pdftex.def Info: redBeads.png  used on input line 249.
(pdftex.def)             Requested size: 194.28596pt x 133.72786pt.
 [10

 <./edwardDeming.jpg> <./redBeads.png>]
LaTeX Font Info:    Font shape `T1/LinuxLibertineT-TLF/m/it' will be
(Font)              scaled to size 8.0pt on input line 266.
LaTeX Font Info:    Font shape `T1/LinuxLibertineT-TLF/m/it' will be
(Font)              scaled to size 6.0pt on input line 266.
 [11

] [12

]
<images/dataToKnowledge.png, id=312, 320.8788pt x 218.7372pt>
File: images/dataToKnowledge.png Graphic file (type png)
<use images/dataToKnowledge.png>
Package pdftex.def Info: images/dataToKnowledge.png  used on input line 306.
(pdftex.def)             Requested size: 160.439pt x 109.36832pt.

Overfull \hbox (11.79407pt too wide) in paragraph at lines 306--306
[][]  
 []

[13

 <./images/dataToKnowledge.png>]
LaTeX Font Info:    Font shape `T1/LinuxLibertineT-TLF/b/n' will be
(Font)              scaled to size 10.95pt on input line 340.
 [14

] [15

] [16

]
<images/nowOrNever.jpg, id=335, 1027.84pt x 578.16pt>
File: images/nowOrNever.jpg Graphic file (type jpg)
<use images/nowOrNever.jpg>
Package pdftex.def Info: images/nowOrNever.jpg  used on input line 417.
(pdftex.def)             Requested size: 308.35437pt x 173.44933pt.

Overfull \hbox (1.0645pt too wide) in paragraph at lines 417--417
 [] 
 []

[17

 <./images/nowOrNever.jpg>] [18

] [19

] [20

] [21

]
<images/scaleTypeDataExample.png, id=371, 551.48892pt x 254.23553pt>
File: images/scaleTypeDataExample.png Graphic file (type png)
<use images/scaleTypeDataExample.png>
Package pdftex.def Info: images/scaleTypeDataExample.png  used on input line 50
9.
(pdftex.def)             Requested size: 303.31984pt x 139.82997pt.
 [22

 <./images/scaleTypeDataExample.png>] [23

]
<images/crossSectional.png, id=383, 807.7678pt x 347.79938pt>
File: images/crossSectional.png Graphic file (type png)
<use images/crossSectional.png>
Package pdftex.def Info: images/crossSectional.png  used on input line 553.
(pdftex.def)             Requested size: 323.1014pt x 139.11728pt.

Overfull \hbox (15.81152pt too wide) in paragraph at lines 553--553
 [] 
 []

[24

 <./images/crossSectional.png>]
<images/timeSeries.png, id=390, 833.36343pt x 295.1025pt>
File: images/timeSeries.png Graphic file (type png)
<use images/timeSeries.png>
Package pdftex.def Info: images/timeSeries.png  used on input line 565.
(pdftex.def)             Requested size: 300.0106pt x 106.2368pt.
 [25

 <./images/timeSeries.png>] [26

] [27

]
[28

] [29

] [30

] [31

] [32

] [33

] [34

] [35

] [36

]
<images/covidVisualization1.png, id=470, 1104.26839pt x 822.50143pt>
File: images/covidVisualization1.png Graphic file (type png)
<use images/covidVisualization1.png>
Package pdftex.def Info: images/covidVisualization1.png  used on input line 768
.
(pdftex.def)             Requested size: 276.06642pt x 205.62485pt.
 [37

 <./images/covidVisualization1.png>]
<images/ch2visualization2.png, id=478, 3011.25pt x 2007.5pt>
File: images/ch2visualization2.png Graphic file (type png)
<use images/ch2visualization2.png>
Package pdftex.def Info: images/ch2visualization2.png  used on input line 779.
(pdftex.def)             Requested size: 301.14264pt x 200.76175pt.
 [38

 <./images/ch2visualization2.png (PNG copy)>]
<images/ch2PelicanDataSnippet.png, id=484, 460.72125pt x 230.36063pt>
File: images/ch2PelicanDataSnippet.png Graphic file (type png)
<use images/ch2PelicanDataSnippet.png>
Package pdftex.def Info: images/ch2PelicanDataSnippet.png  used on input line 7
96.
(pdftex.def)             Requested size: 322.50267pt x 161.25133pt.

Overfull \hbox (15.2128pt too wide) in paragraph at lines 796--796
 [][] 
 []

LaTeX Font Info:    Font shape `T1/LinuxLibertineT-TLF/m/it' will be
(Font)              scaled to size 14.4pt on input line 796.
[39

 <./images/ch2PelicanDataSnippet.png>]
<images/frequencyTable.png, id=490, 481.04718pt x 230.36063pt>
File: images/frequencyTable.png Graphic file (type png)
<use images/frequencyTable.png>
Package pdftex.def Info: images/frequencyTable.png  used on input line 812.
(pdftex.def)             Requested size: 288.63054pt x 138.21742pt.
 [40

 <./images/frequencyTable.png>]
<images/ch2PieChart.png, id=498, 578.16pt x 433.62pt>
File: images/ch2PieChart.png Graphic file (type png)
<use images/ch2PieChart.png>
Package pdftex.def Info: images/ch2PieChart.png  used on input line 823.
(pdftex.def)             Requested size: 260.16959pt x 195.1272pt.

Overfull \vbox (1.93085pt too high) detected at line 823
 []

[41

 <./images/ch2PieChart.png>]
<images/ch2BarChart.png, id=505, 578.16pt x 433.62pt>
File: images/ch2BarChart.png Graphic file (type png)
<use images/ch2BarChart.png>
Package pdftex.def Info: images/ch2BarChart.png  used on input line 836.
(pdftex.def)             Requested size: 260.16959pt x 195.1272pt.
 [42

 <./images/ch2BarChart.png (PNG copy)>]
<images/ch2ContinuousFrequencyTable.png, id=511, 554.07pt x 447.17062pt>
File: images/ch2ContinuousFrequencyTable.png Graphic file (type png)
<use images/ch2ContinuousFrequencyTable.png>
Package pdftex.def Info: images/ch2ContinuousFrequencyTable.png  used on input 
line 848.
(pdftex.def)             Requested size: 221.62407pt x 178.86507pt.

[43

 <./images/ch2ContinuousFrequencyTable.png>]
<images/ch2Histogram.png, id=519, 462.22687pt x 341.77687pt>
File: images/ch2Histogram.png Graphic file (type png)
<use images/ch2Histogram.png>
Package pdftex.def Info: images/ch2Histogram.png  used on input line 863.
(pdftex.def)             Requested size: 231.11287pt x 170.88802pt.
 [44

 <./images/ch2Histogram.png>]
<images/ch2Histogram1.png, id=526, 478.03593pt x 378.66469pt>
File: images/ch2Histogram1.png Graphic file (type png)
<use images/ch2Histogram1.png>
Package pdftex.def Info: images/ch2Histogram1.png  used on input line 888.
(pdftex.def)             Requested size: 148.1896pt x 117.38483pt.
<images/ch2Histogram2.png, id=527, 436.63126pt x 344.78813pt>
File: images/ch2Histogram2.png Graphic file (type png)
<use images/ch2Histogram2.png>
Package pdftex.def Info: images/ch2Histogram2.png  used on input line 888.
(pdftex.def)             Requested size: 148.45265pt x 117.22641pt.
LaTeX Font Info:    Trying to load font information for T1+LinuxBiolinumT-TLF o
n input line 888.

(/usr/local/texlive/2021/texmf-dist/tex/latex/libertine/T1LinuxBiolinumT-TLF.fd
File: T1LinuxBiolinumT-TLF.fd 2017/03/20 (autoinst) Font definitions for T1/Lin
uxBiolinumT-TLF.
)
LaTeX Font Info:    Font shape `T1/LinuxBiolinumT-TLF/m/n' will be
(Font)              scaled to size 8.0pt on input line 888.
 [45

 <./images/ch2Histogram1.png> <./images/ch2Histogram2.png>]
<images/ch2Histogram3.png, id=537, 559.33969pt x 437.38406pt>
File: images/ch2Histogram3.png Graphic file (type png)
<use images/ch2Histogram3.png>
Package pdftex.def Info: images/ch2Histogram3.png  used on input line 903.
(pdftex.def)             Requested size: 151.02373pt x 118.09526pt.
<images/ch2Histogram4.png, id=538, 558.58687pt x 437.38406pt>
File: images/ch2Histogram4.png Graphic file (type png)
<use images/ch2Histogram4.png>
Package pdftex.def Info: images/ch2Histogram4.png  used on input line 903.
(pdftex.def)             Requested size: 150.82047pt x 118.09526pt.
LaTeX Font Info:    Font shape `T1/LinuxLibertineT-TLF/b/it' will be
(Font)              scaled to size 10.95pt on input line 903.
 [46

 <./images/ch2Histogram3.png> <./images/ch2Histogram4.png>]
File: images/ch2Histogram.png Graphic file (type png)
<use images/ch2Histogram.png>
Package pdftex.def Info: images/ch2Histogram.png  used on input line 918.
(pdftex.def)             Requested size: 231.11287pt x 170.88802pt.
 [47

]
<images/ch2Histogram5.png, id=552, 917.67844pt x 347.04657pt>
File: images/ch2Histogram5.png Graphic file (type png)
<use images/ch2Histogram5.png>
Package pdftex.def Info: images/ch2Histogram5.png  used on input line 938.
(pdftex.def)             Requested size: 302.83482pt x 114.52571pt.
 [48

 <./images/ch2Histogram5.png>]
<images/ch2AgeNetSales.png, id=559, 578.16pt x 433.62pt>
File: images/ch2AgeNetSales.png Graphic file (type png)
<use images/ch2AgeNetSales.png>
Package pdftex.def Info: images/ch2AgeNetSales.png  used on input line 947.
(pdftex.def)             Requested size: 260.16959pt x 195.1272pt.
 [49

 <./images/ch2AgeNetSales.png>]
<images/ch2AgeNetSalesRegression.png, id=567, 578.16pt x 433.62pt>
File: images/ch2AgeNetSalesRegression.png Graphic file (type png)
<use images/ch2AgeNetSalesRegression.png>
Package pdftex.def Info: images/ch2AgeNetSalesRegression.png  used on input lin
e 957.
(pdftex.def)             Requested size: 202.35902pt x 151.76927pt.
LaTeX Font Info:    Font shape `T1/LinuxBiolinumT-TLF/m/n' will be
(Font)              scaled to size 10.95pt on input line 957.
 [50

 <./images/ch2AgeNetSalesRegression.png>]
<images/plotCorrelations.png, id=574, 578.16pt x 433.62pt>
File: images/plotCorrelations.png Graphic file (type png)
<use images/plotCorrelations.png>
Package pdftex.def Info: images/plotCorrelations.png  used on input line 968.
(pdftex.def)             Requested size: 260.16959pt x 195.1272pt.

Overfull \vbox (7.59941pt too high) detected at line 968
 []

[51

 <./images/plotCorrelations.png>]
<images/ch2CrossTabQulitative.png, id=581, 423.08063pt x 249.93375pt>
File: images/ch2CrossTabQulitative.png Graphic file (type png)
<use images/ch2CrossTabQulitative.png>
Package pdftex.def Info: images/ch2CrossTabQulitative.png  used on input line 1
000.
(pdftex.def)             Requested size: 169.22925pt x 99.97173pt.

Overfull \hbox (20.58432pt too wide) in paragraph at lines 1000--1000
 [] 
 []

<images/ch2CrossTabQulitativePivot.png, id=582, 254.45062pt x 264.99pt>
File: images/ch2CrossTabQulitativePivot.png Graphic file (type png)
<use images/ch2CrossTabQulitativePivot.png>
Package pdftex.def Info: images/ch2CrossTabQulitativePivot.png  used on input l
ine 1000.
(pdftex.def)             Requested size: 101.77844pt x 105.99411pt.
[52

 <./images/ch2CrossTabQulitative.png> <./images/ch2CrossTabQulitativePivot.png>
]
<images/ch2CrossTabQualitativeContinuous.png, id=590, 765.6103pt x 250.68657pt>

File: images/ch2CrossTabQualitativeContinuous.png Graphic file (type png)
<use images/ch2CrossTabQualitativeContinuous.png>
Package pdftex.def Info: images/ch2CrossTabQualitativeContinuous.png  used on i
nput line 1020.
(pdftex.def)             Requested size: 306.2387pt x 100.27284pt.
 [53

 <./images/ch2CrossTabQualitativeContinuous.png>]
<images/ch2CrossTabContinuous.png, id=597, 755.07094pt x 266.49562pt>
File: images/ch2CrossTabContinuous.png Graphic file (type png)
<use images/ch2CrossTabContinuous.png>
Package pdftex.def Info: images/ch2CrossTabContinuous.png  used on input line 1
039.
(pdftex.def)             Requested size: 302.02303pt x 106.59636pt.
 [54

 <./images/ch2CrossTabContinuous.png>] [55

] [56

] [57

] [58

]
(/usr/local/texlive/2021/texmf-dist/tex/latex/ucs/data/uni-32.def
File: uni-32.def 2013/05/13 UCS: Unicode data U+2000..U+20FF
) [59

]
<images/ch2CheckYourUnderstanding1.png, id=630, 449.42906pt x 243.15843pt>
File: images/ch2CheckYourUnderstanding1.png Graphic file (type png)
<use images/ch2CheckYourUnderstanding1.png>
Package pdftex.def Info: images/ch2CheckYourUnderstanding1.png  used on input l
ine 1160.
(pdftex.def)             Requested size: 224.71397pt x 121.57892pt.

[60

 <./images/ch2CheckYourUnderstanding1.png>]
File: images/ch2Histogram.png Graphic file (type png)
<use images/ch2Histogram.png>
Package pdftex.def Info: images/ch2Histogram.png  used on input line 1177.
(pdftex.def)             Requested size: 231.11287pt x 170.88802pt.
 [61

] [62

]
<images/ch2MeanMedian.png, id=647, 465.99094pt x 344.03531pt>
File: images/ch2MeanMedian.png Graphic file (type png)
<use images/ch2MeanMedian.png>
Package pdftex.def Info: images/ch2MeanMedian.png  used on input line 1219.
(pdftex.def)             Requested size: 232.99489pt x 172.01723pt.
 [63

 <./images/ch2MeanMedian.png>] [64

]
<images/ch2NetSalesVarianceTwoGroups.png, id=660, 923.70094pt x 357.58594pt>
File: images/ch2NetSalesVarianceTwoGroups.png Graphic file (type png)
<use images/ch2NetSalesVarianceTwoGroups.png>
Package pdftex.def Info: images/ch2NetSalesVarianceTwoGroups.png  used on input
 line 1292.
(pdftex.def)             Requested size: 323.30017pt x 125.15694pt.

Overfull \hbox (16.0103pt too wide) in paragraph at lines 1292--1292
 [][] 
 []

[65

 <./images/ch2NetSalesVarianceTwoGroups.png>] [66

]
<images/uniScatterPlotAnnotated.png, id=672, 578.16pt x 433.62pt>
File: images/uniScatterPlotAnnotated.png Graphic file (type png)
<use images/uniScatterPlotAnnotated.png>
Package pdftex.def Info: images/uniScatterPlotAnnotated.png  used on input line
 1314.
(pdftex.def)             Requested size: 289.07928pt x 216.80946pt.
 [67

 <./images/uniScatterPlotAnnotated.png>] [68

] [69

] [70

]
File: images/ch2NetSalesVarianceTwoGroups.png Graphic file (type png)
<use images/ch2NetSalesVarianceTwoGroups.png>
Package pdftex.def Info: images/ch2NetSalesVarianceTwoGroups.png  used on input
 line 1384.
(pdftex.def)             Requested size: 323.30017pt x 125.15694pt.

Overfull \hbox (16.0103pt too wide) in paragraph at lines 1384--1384
 [][] 
 []

[71

] [72

]
File: images/plotCorrelations.png Graphic file (type png)
<use images/plotCorrelations.png>
Package pdftex.def Info: images/plotCorrelations.png  used on input line 1414.
(pdftex.def)             Requested size: 231.2599pt x 173.44492pt.
 [73

] [74

]
<images/plot0.png, id=716, 578.16pt x 433.62pt>
File: images/plot0.png Graphic file (type png)
<use images/plot0.png>
Package pdftex.def Info: images/plot0.png  used on input line 1444.
(pdftex.def)             Requested size: 260.16959pt x 195.1272pt.

Overfull \vbox (7.59941pt too high) detected at line 1444
 []

[75

 <./images/plot0.png>]
<images/plot1.png, id=723, 578.16pt x 433.62pt>
File: images/plot1.png Graphic file (type png)
<use images/plot1.png>
Package pdftex.def Info: images/plot1.png  used on input line 1452.
(pdftex.def)             Requested size: 289.07928pt x 216.80946pt.
 [76

 <./images/plot1.png>]
<images/plot2.png, id=730, 578.16pt x 433.62pt>
File: images/plot2.png Graphic file (type png)
<use images/plot2.png>
Package pdftex.def Info: images/plot2.png  used on input line 1464.
(pdftex.def)             Requested size: 219.70308pt x 164.77731pt.
 [77

 <./images/plot2.png>]
[78

] [79

]
Overfull \hbox (3.68181pt too wide) in paragraph at lines 1539--1539
[][]  
 []

[80

]
<images/correlationsAllSorts.png, id=754, 433.62pt x 280.8894pt>
File: images/correlationsAllSorts.png Graphic file (type png)
<use images/correlationsAllSorts.png>
Package pdftex.def Info: images/correlationsAllSorts.png  used on input line 15
57.
(pdftex.def)             Requested size: 216.80946pt x 140.44435pt.
 [81

 <./images/correlationsAllSorts.png>] [82

] [83

] [84

] [85

] [86

] [87

]
<images/ch2StockData.png, id=795, 402.64714pt x 374.68553pt>
File: images/ch2StockData.png Graphic file (type png)
<use images/ch2StockData.png>
Package pdftex.def Info: images/ch2StockData.png  used on input line 1679.
(pdftex.def)             Requested size: 161.056pt x 149.87155pt.

[88

 <./images/ch2StockData.png>]
<images/ch2PercentilesNaked.png, id=802, 597.73312pt x 360.59718pt>
File: images/ch2PercentilesNaked.png Graphic file (type png)
<use images/ch2PercentilesNaked.png>
Package pdftex.def Info: images/ch2PercentilesNaked.png  used on input line 169
3.
(pdftex.def)             Requested size: 298.86583pt x 180.29814pt.
 [89

 <./images/ch2PercentilesNaked.png>]
<images/ch2Percentiles.png, id=809, 597.73312pt x 359.84438pt>
File: images/ch2Percentiles.png Graphic file (type png)
<use images/ch2Percentiles.png>
Package pdftex.def Info: images/ch2Percentiles.png  used on input line 1702.
(pdftex.def)             Requested size: 298.86583pt x 179.92174pt.

[90

 <./images/ch2Percentiles.png>] [91

] [92

]
<images/ch2Quartiles.png, id=827, 453.19313pt x 321.45094pt>
File: images/ch2Quartiles.png Graphic file (type png)
<use images/ch2Quartiles.png>
Package pdftex.def Info: images/ch2Quartiles.png  used on input line 1757.
(pdftex.def)             Requested size: 226.59601pt x 160.72507pt.
 [93

 <./images/ch2Quartiles.png>]
[94

] [95

] [96

] [97

]
<images/ch2BoxPlotAnatomy.png, id=855, 1042.64531pt x 478.03593pt>
File: images/ch2BoxPlotAnatomy.png Graphic file (type png)
<use images/ch2BoxPlotAnatomy.png>
Package pdftex.def Info: images/ch2BoxPlotAnatomy.png  used on input line 1839.

(pdftex.def)             Requested size: 323.2167pt x 148.1896pt.

Overfull \hbox (15.92683pt too wide) in paragraph at lines 1839--1839
 [][] 
 []

[98

 <./images/ch2BoxPlotAnatomy.png>]
<images/ch2BoxPlotSingle.png, id=862, 347.79938pt x 433.62pt>
File: images/ch2BoxPlotSingle.png Graphic file (type png)
<use images/ch2BoxPlotSingle.png>
Package pdftex.def Info: images/ch2BoxPlotSingle.png  used on input line 1857.
(pdftex.def)             Requested size: 173.89926pt x 216.80946pt.

Overfull \hbox (25.25433pt too wide) in paragraph at lines 1857--1857
 [] 
 []

<images/ch2BoxPlotSingleNumerics.png, id=863, 198.7425pt x 409.53pt>
File: images/ch2BoxPlotSingleNumerics.png Graphic file (type png)
<use images/ch2BoxPlotSingleNumerics.png>
Package pdftex.def Info: images/ch2BoxPlotSingleNumerics.png  used on input lin
e 1857.
(pdftex.def)             Requested size: 99.371pt x 204.7645pt.

Overfull \vbox (17.40701pt too high) detected at line 1857
 []

[99

 <./images/ch2BoxPlotSingle.png> <./images/ch2BoxPlotSingleNumerics.png>]
<images/ch2BoxPlotGroup.jpg, id=871, 1741.50626pt x 1025.8325pt>
File: images/ch2BoxPlotGroup.jpg Graphic file (type jpg)
<use images/ch2BoxPlotGroup.jpg>
Package pdftex.def Info: images/ch2BoxPlotGroup.jpg  used on input line 1870.
(pdftex.def)             Requested size: 296.05214pt x 174.38922pt.

[100

 <./images/ch2BoxPlotGroup.jpg>] [101

]
<images/ch2EmpiricalRule.png, id=882, 903.375pt x 895.345pt>
File: images/ch2EmpiricalRule.png Graphic file (type png)
<use images/ch2EmpiricalRule.png>
Package pdftex.def Info: images/ch2EmpiricalRule.png  used on input line 1917.
(pdftex.def)             Requested size: 162.60048pt x 161.15514pt.
 [102

 <./images/ch2EmpiricalRule.png>] [103

]
LaTeX Font Info:    Font shape `T1/LinuxLibertineT-TLF/m/it' will be
(Font)              scaled to size 9.0pt on input line 1950.
LaTeX Font Info:    Font shape `T1/LinuxBiolinumT-TLF/m/n' will be
(Font)              scaled to size 9.0pt on input line 1950.
 [104

]
<images/ch2HistogramFitting.png, id=902, 591.71063pt x 443.40656pt>
File: images/ch2HistogramFitting.png Graphic file (type png)
<use images/ch2HistogramFitting.png>
Package pdftex.def Info: images/ch2HistogramFitting.png  used on input line 196
3.
(pdftex.def)             Requested size: 177.51456pt x 133.02298pt.
 [105

 <./images/ch2HistogramFitting.png>] [106

] [107

]
LaTeX Font Info:    Font shape `T1/LinuxLibertineT-TLF/m/sl' in size <10.95> no
t available
(Font)              Font shape `T1/LinuxLibertineT-TLF/m/it' tried instead on i
nput line 2015.
LaTeX Font Info:    Font shape `T1/LinuxLibertineT-TLF/m/it' will be
(Font)              scaled to size 10.95pt on input line 2015.
 [108

]
LaTeX Font Info:    Font shape `T1/LinuxLibertineT-TLF/b/n' will be
(Font)              scaled to size 8.0pt on input line 2044.

[109

]
LaTeX Font Info:    Font shape `T1/LinuxLibertineT-TLF/m/n' will be
(Font)              scaled to size 12.0pt on input line 2061.
 [110

]
<images/ch3CoinToss.png, id=950, 828.09375pt x 602.25pt>
File: images/ch3CoinToss.png Graphic file (type png)
<use images/ch3CoinToss.png>
Package pdftex.def Info: images/ch3CoinToss.png  used on input line 2072.
(pdftex.def)             Requested size: 207.02293pt x 150.56212pt.
 [111

 <./images/ch3CoinToss.png>] [112

] [113

] [114

]
<images/ch3RelativeFrequency.png, id=972, 554.82281pt x 271.0125pt>
File: images/ch3RelativeFrequency.png Graphic file (type png)
<use images/ch3RelativeFrequency.png>
Package pdftex.def Info: images/ch3RelativeFrequency.png  used on input line 21
43.
(pdftex.def)             Requested size: 221.92519pt x 108.40306pt.
 [115

 <./images/ch3RelativeFrequency.png>] [116

] [117

]
Overfull \hbox (5.72496pt too wide) detected at line 2191
[] \OT1/cmr/m/n/10.95 = \OMS/cmsy/m/n/10.95 f\OT1/cmr/m/n/10.95 (\T1/LinuxLiber
tineT-TLF/m/n/10.95 2\OML/cmm/m/it/10.95 ; \T1/LinuxLibertineT-TLF/m/n/10.95 7\
OT1/cmr/m/n/10.95 )\OML/cmm/m/it/10.95 ; \OT1/cmr/m/n/10.95 (\T1/LinuxLibertine
T-TLF/m/n/10.95 2\OML/cmm/m/it/10.95 ; \T1/LinuxLibertineT-TLF/m/n/10.95 8\OT1/
cmr/m/n/10.95 )\OML/cmm/m/it/10.95 ; \OT1/cmr/m/n/10.95 (\T1/LinuxLibertineT-TL
F/m/n/10.95 3\OML/cmm/m/it/10.95 ; \T1/LinuxLibertineT-TLF/m/n/10.95 7\OT1/cmr/
m/n/10.95 )\OML/cmm/m/it/10.95 ; :::\OT1/cmr/m/n/10.95 (\T1/LinuxLibertineT-TLF
/m/n/10.95 4\OML/cmm/m/it/10.95 ; \T1/LinuxLibertineT-TLF/m/n/10.95 8\OT1/cmr/m
/n/10.95 )\OMS/cmsy/m/n/10.95 g
 []

[118

]
<images/ch3MultiPhaseProject.png, id=995, 757.97464pt x 349.305pt>
File: images/ch3MultiPhaseProject.png Graphic file (type png)
<use images/ch3MultiPhaseProject.png>
Package pdftex.def Info: images/ch3MultiPhaseProject.png  used on input line 21
99.
(pdftex.def)             Requested size: 303.18448pt x 139.71951pt.
 [119

 <./images/ch3MultiPhaseProject.png>]
<images/ch3MultiPhaseProject2.png, id=1002, 757.11429pt x 385.44pt>
File: images/ch3MultiPhaseProject2.png Graphic file (type png)
<use images/ch3MultiPhaseProject2.png>
Package pdftex.def Info: images/ch3MultiPhaseProject2.png  used on input line 2
207.
(pdftex.def)             Requested size: 302.84035pt x 154.17326pt.
 [120

 <./images/ch3MultiPhaseProject2.png>]
<images/ch3MultiPhaseProject3.png, id=1009, 759.26518pt x 366.51215pt>
File: images/ch3MultiPhaseProject3.png Graphic file (type png)
<use images/ch3MultiPhaseProject3.png>
Package pdftex.def Info: images/ch3MultiPhaseProject3.png  used on input line 2
219.
(pdftex.def)             Requested size: 303.7007pt x 146.60225pt.
 [121

 <./images/ch3MultiPhaseProject3.png>]
<images/comfortZone.jpg, id=1017, 1221.46478pt x 641.26901pt>
File: images/comfortZone.jpg Graphic file (type jpg)
<use images/comfortZone.jpg>
Package pdftex.def Info: images/comfortZone.jpg  used on input line 2226.
(pdftex.def)             Requested size: 317.57335pt x 166.72601pt.

Overfull \hbox (10.28348pt too wide) in paragraph at lines 2226--2226
 [] 
 []

[122

 <./images/comfortZone.jpg>]
<images/ch3VennComplement.png, id=1023, 756.25392pt x 279.1859pt>
File: images/ch3VennComplement.png Graphic file (type png)
<use images/ch3VennComplement.png>
Package pdftex.def Info: images/ch3VennComplement.png  used on input line 2242.

(pdftex.def)             Requested size: 302.4962pt x 111.67238pt.
 [123

 <./images/ch3VennComplement.png>]
<images/ch3UnionEvents.png, id=1030, 757.97464pt x 278.32553pt>
File: images/ch3UnionEvents.png Graphic file (type png)
<use images/ch3UnionEvents.png>
Package pdftex.def Info: images/ch3UnionEvents.png  used on input line 2254.
(pdftex.def)             Requested size: 303.18448pt x 111.32823pt.

[124

 <./images/ch3UnionEvents.png>]
<images/ch3IntersectionEvents.png, id=1037, 758.835pt x 283.48769pt>
File: images/ch3IntersectionEvents.png Graphic file (type png)
<use images/ch3IntersectionEvents.png>
Package pdftex.def Info: images/ch3IntersectionEvents.png  used on input line 2
266.
(pdftex.def)             Requested size: 303.52863pt x 113.39305pt.
 [125

 <./images/ch3IntersectionEvents.png>]
<images/ch3MutuallyExclusiveEvents.png, id=1044, 756.25392pt x 278.32553pt>
File: images/ch3MutuallyExclusiveEvents.png Graphic file (type png)
<use images/ch3MutuallyExclusiveEvents.png>
Package pdftex.def Info: images/ch3MutuallyExclusiveEvents.png  used on input l
ine 2282.
(pdftex.def)             Requested size: 302.4962pt x 111.32823pt.

[126

 <./images/ch3MutuallyExclusiveEvents.png>] [127

] [128

] [129

]
<images/ch3ConditionalProbability.png, id=1067, 636.87938pt x 278.54062pt>
File: images/ch3ConditionalProbability.png Graphic file (type png)
<use images/ch3ConditionalProbability.png>
Package pdftex.def Info: images/ch3ConditionalProbability.png  used on input li
ne 2409.
(pdftex.def)             Requested size: 191.06528pt x 83.56282pt.
 [130

 <./images/ch3ConditionalProbability.png>] [131

]
LaTeX Font Info:    Font shape `T1/LinuxLibertineT-TLF/b/n' will be
(Font)              scaled to size 10.0pt on input line 2515.
 [132

] [133

] [134

] [135

] [136

] [137

]
File: images/ch3VennComplement.png Graphic file (type png)
<use images/ch3VennComplement.png>
Package pdftex.def Info: images/ch3VennComplement.png  used on input line 2690.

(pdftex.def)             Requested size: 226.87793pt x 83.75641pt.

[138

]
<images/ch3TreeDiagram.png, id=1116, 724.95844pt x 596.2275pt>
File: images/ch3TreeDiagram.png Graphic file (type png)
<use images/ch3TreeDiagram.png>
Package pdftex.def Info: images/ch3TreeDiagram.png  used on input line 2704.
(pdftex.def)             Requested size: 217.4892pt x 178.86963pt.
 [139

 <./images/ch3TreeDiagram.png>]
<images/ch3SalivaBayesian.png, id=1124, 1293.33188pt x 540.51938pt>
File: images/ch3SalivaBayesian.png Graphic file (type png)
<use images/ch3SalivaBayesian.png>
Package pdftex.def Info: images/ch3SalivaBayesian.png  used on input line 2713.

(pdftex.def)             Requested size: 329.80513pt x 137.83473pt.

Overfull \hbox (22.51526pt too wide) in paragraph at lines 2713--2713
[]  
 []

[140

 <./images/ch3SalivaBayesian.png>] [141

] [142

] [143

]
<images/section4VariableValue.jpg, id=1155, 227.85126pt x 222.8325pt>
File: images/section4VariableValue.jpg Graphic file (type jpg)
<use images/section4VariableValue.jpg>
Package pdftex.def Info: images/section4VariableValue.jpg  used on input line 2
752.
(pdftex.def)             Requested size: 91.13889pt x 89.13141pt.
 [144

 <./images/section4VariableValue.jpg>] [145

]
<images/section4DiscreteRandomExample.png, id=1167, 633.86812pt x 206.27063pt>
File: images/section4DiscreteRandomExample.png Graphic file (type png)
<use images/section4DiscreteRandomExample.png>
Package pdftex.def Info: images/section4DiscreteRandomExample.png  used on inpu
t line 2775.
(pdftex.def)             Requested size: 253.54276pt x 82.50677pt.
 [146

 <./images/section4DiscreteRandomExample.png>]
<images/section4ContinuousRandomExample.png, id=1174, 630.85687pt x 248.42813pt
>
File: images/section4ContinuousRandomExample.png Graphic file (type png)
<use images/section4ContinuousRandomExample.png>
Package pdftex.def Info: images/section4ContinuousRandomExample.png  used on in
put line 2787.
(pdftex.def)             Requested size: 252.33827pt x 99.36949pt.

[147

 <./images/section4ContinuousRandomExample.png>] [148

] [149

] [150

]
<images/section4DevelopingDiscreteProbDist.png, id=1196, 654.94687pt x 396.7322
pt>
File: images/section4DevelopingDiscreteProbDist.png Graphic file (type png)
<use images/section4DevelopingDiscreteProbDist.png>
Package pdftex.def Info: images/section4DevelopingDiscreteProbDist.png  used on
 input line 2863.
(pdftex.def)             Requested size: 196.48558pt x 119.02057pt.
 [151

 <./images/section4DevelopingDiscreteProbDist.png>] [152

] [153

] [154

] [155

]
[156

]
<images/section4Dice.png, id=1230, 632.3625pt x 642.4pt>
File: images/section4Dice.png Graphic file (type png)
<use images/section4Dice.png>
Package pdftex.def Info: images/section4Dice.png  used on input line 2983.
(pdftex.def)             Requested size: 63.23994pt x 64.24376pt.

Overfull \vbox (17.49738pt too high) detected at line 2983
 []

[157

 <./images/section4Dice.png>] [158

] [159

]

Package amsmath Warning: Foreign command \atopwithdelims;
(amsmath)                \frac or \genfrac should be used instead
(amsmath)                 on input line 3045.

[160

]
File: images/ch3TreeDiagram.png Graphic file (type png)
<use images/ch3TreeDiagram.png>
Package pdftex.def Info: images/ch3TreeDiagram.png  used on input line 3063.
(pdftex.def)             Requested size: 217.4892pt x 178.86963pt.
 [161

] [162

]
File: images/ch3TreeDiagram.png Graphic file (type png)
<use images/ch3TreeDiagram.png>
Package pdftex.def Info: images/ch3TreeDiagram.png  used on input line 3099.
(pdftex.def)             Requested size: 217.4892pt x 178.86963pt.

Overfull \vbox (7.80919pt too high) detected at line 3099
 []

[163

] [164

] [165

] [166

] [167

] [168

] [169

] [170

] [171

]
<images/section4BinomNP1.png, id=1311, 288.3272pt x 359.09157pt>
File: images/section4BinomNP1.png Graphic file (type png)
<use images/section4BinomNP1.png>
Package pdftex.def Info: images/section4BinomNP1.png  used on input line 3273.
(pdftex.def)             Requested size: 98.02994pt x 122.08951pt.
<images/section4BinomNP2.png, id=1312, 294.34969pt x 359.09157pt>
File: images/section4BinomNP2.png Graphic file (type png)
<use images/section4BinomNP2.png>
Package pdftex.def Info: images/section4BinomNP2.png  used on input line 3273.
(pdftex.def)             Requested size: 100.07756pt x 122.08951pt.
<images/section4BinomNP3.png, id=1313, 288.3272pt x 338.01282pt>
File: images/section4BinomNP3.png Graphic file (type png)
<use images/section4BinomNP3.png>
Package pdftex.def Info: images/section4BinomNP3.png  used on input line 3273.
(pdftex.def)             Requested size: 98.02994pt x 114.92282pt.
 [172

 <./images/section4BinomNP1.png> <./images/section4BinomNP2.png> <./images/sect
ion4BinomNP3.png>]
[173

] [174

]
<images/section4DiscreteExample.png, id=1329, 449.42906pt x 312.41719pt>
File: images/section4DiscreteExample.png Graphic file (type png)
<use images/section4DiscreteExample.png>
Package pdftex.def Info: images/section4DiscreteExample.png  used on input line
 3329.
(pdftex.def)             Requested size: 148.31204pt x 103.09798pt.
<images/section4ContinuousExample.png, id=1330, 450.18187pt x 310.15875pt>
File: images/section4ContinuousExample.png Graphic file (type png)
<use images/section4ContinuousExample.png>
Package pdftex.def Info: images/section4ContinuousExample.png  used on input li
ne 3329.
(pdftex.def)             Requested size: 148.56047pt x 102.35269pt.
 [175

 <./images/section4DiscreteExample.png> <./images/section4ContinuousExample.png
>] [176

] [177

]
<images/section4ContinuousUniformAreaUnderCurve.png, id=1350, 450.18187pt x 311
.66437pt>
File: images/section4ContinuousUniformAreaUnderCurve.png Graphic file (type png
)
<use images/section4ContinuousUniformAreaUnderCurve.png>
Package pdftex.def Info: images/section4ContinuousUniformAreaUnderCurve.png  us
ed on input line 3381.
(pdftex.def)             Requested size: 135.0556pt x 93.50003pt.
 [178

 <./images/section4ContinuousUniformAreaUnderCurve.png>] [179

] [180

]
<images/section4StatisticalDistributions.png, id=1368, 925.95938pt x 125.71968p
t>
File: images/section4StatisticalDistributions.png Graphic file (type png)
<use images/section4StatisticalDistributions.png>
Package pdftex.def Info: images/section4StatisticalDistributions.png  used on i
nput line 3445.
(pdftex.def)             Requested size: 277.78995pt x 37.71619pt.
 [181

 <./images/section4StatisticalDistributions.png>]
[182

] [183

]
File: images/section4ContinuousUniformAreaUnderCurve.png Graphic file (type png
)
<use images/section4ContinuousUniformAreaUnderCurve.png>
Package pdftex.def Info: images/section4ContinuousUniformAreaUnderCurve.png  us
ed on input line 3507.
(pdftex.def)             Requested size: 135.0556pt x 93.50003pt.
 [184

] [185

] [186

]
<images/section4NormalDistIOWA.png, id=1402, 552.34929pt x 330.37714pt>
File: images/section4NormalDistIOWA.png Graphic file (type png)
<use images/section4NormalDistIOWA.png>
Package pdftex.def Info: images/section4NormalDistIOWA.png  used on input line 
3567.
(pdftex.def)             Requested size: 220.93579pt x 132.1485pt.
 [187

 <./images/section4NormalDistIOWA.png>]
[188

]
<images/mean45sd10.png, id=1416, 578.16pt x 361.35pt>
File: images/mean45sd10.png Graphic file (type png)
<use images/mean45sd10.png>
Package pdftex.def Info: images/mean45sd10.png  used on input line 3589.
(pdftex.def)             Requested size: 317.98898pt x 198.74312pt.

Overfull \hbox (10.69911pt too wide) in paragraph at lines 3589--3589
 [] 
 []


Overfull \vbox (7.34067pt too high) detected at line 3589
 []

[189

 <./images/mean45sd10.png>]
<images/mean45sd10Area.png, id=1423, 578.16pt x 361.35pt>
File: images/mean45sd10Area.png Graphic file (type png)
<use images/mean45sd10Area.png>
Package pdftex.def Info: images/mean45sd10Area.png  used on input line 3598.
(pdftex.def)             Requested size: 317.98898pt x 198.74312pt.

Overfull \hbox (10.69911pt too wide) in paragraph at lines 3598--3598
 [] 
 []

[190

 <./images/mean45sd10Area.png>]
<images/mean45sd10sd5.png, id=1430, 578.16pt x 361.35pt>
File: images/mean45sd10sd5.png Graphic file (type png)
<use images/mean45sd10sd5.png>
Package pdftex.def Info: images/mean45sd10sd5.png  used on input line 3607.
(pdftex.def)             Requested size: 317.98898pt x 198.74312pt.

Overfull \hbox (10.69911pt too wide) in paragraph at lines 3607--3607
 [] 
 []

[191

 <./images/mean45sd10sd5.png>] [192

] [193

]
<images/standardNormal.png, id=1448, 578.16pt x 361.35pt>
File: images/standardNormal.png Graphic file (type png)
<use images/standardNormal.png>
Package pdftex.def Info: images/standardNormal.png  used on input line 3650.
(pdftex.def)             Requested size: 289.07928pt x 180.67456pt.
 [194

 <./images/standardNormal.png>] [195

]
Overfull \hbox (7.4269pt too wide) in paragraph at lines 3716--3716
 [] 
 []

File: images/ch2EmpiricalRule.png Graphic file (type png)
<use images/ch2EmpiricalRule.png>
Package pdftex.def Info: images/ch2EmpiricalRule.png  used on input line 3716.
(pdftex.def)             Requested size: 135.5004pt x 134.29594pt.
[196

] [197

]
<images/section4zTableLookup.png, id=1473, 721.83965pt x 507.18054pt>
File: images/section4zTableLookup.png Graphic file (type png)
<use images/section4zTableLookup.png>
Package pdftex.def Info: images/section4zTableLookup.png  used on input line 37
59.
(pdftex.def)             Requested size: 288.73074pt x 202.8686pt.
 [198

 <./images/section4zTableLookup.png>]
Overfull \hbox (19.35178pt too wide) in paragraph at lines 3787--3787
 [] 
 []

[199

] [200

]
<images/standardNormalApplications.png, id=1491, 578.16pt x 361.35pt>
File: images/standardNormalApplications.png Graphic file (type png)
<use images/standardNormalApplications.png>
Package pdftex.def Info: images/standardNormalApplications.png  used on input l
ine 3811.
(pdftex.def)             Requested size: 317.98898pt x 198.74312pt.

Overfull \hbox (10.69911pt too wide) in paragraph at lines 3811--3811
 [] 
 []

[201

 <./images/standardNormalApplications.png>] [202

] [203

] [204

] [205

]
<images/standardNormalBlank.png, id=1521, 578.16pt x 361.35pt>
File: images/standardNormalBlank.png Graphic file (type png)
<use images/standardNormalBlank.png>
Package pdftex.def Info: images/standardNormalBlank.png  used on input line 390
8.
(pdftex.def)             Requested size: 317.98898pt x 198.74312pt.

Overfull \hbox (10.69911pt too wide) in paragraph at lines 3908--3908
 [] 
 []

[206

 <./images/standardNormalBlank.png>] [207

]
File: images/section4zTableLookup.png Graphic file (type png)
<use images/section4zTableLookup.png>
Package pdftex.def Info: images/section4zTableLookup.png  used on input line 39
36.
(pdftex.def)             Requested size: 260.0pt x 182.68546pt.
<images/section4zTableLookup15.png, id=1533, 683.55376pt x 106.68428pt>
File: images/section4zTableLookup15.png Graphic file (type png)
<use images/section4zTableLookup15.png>
Package pdftex.def Info: images/section4zTableLookup15.png  used on input line 
3936.
(pdftex.def)             Requested size: 250.0pt x 39.01837pt.
 [208

 <./images/section4zTableLookup15.png>] [209

] [210

] [211

] [212

] [213

] [214

] [215

]
<images/section5PopulationSample.png, id=1585, 1887.05pt x 1037.8775pt>
File: images/section5PopulationSample.png Graphic file (type png)
<use images/section5PopulationSample.png>
Package pdftex.def Info: images/section5PopulationSample.png  used on input lin
e 4042.
(pdftex.def)             Requested size: 188.71605pt x 103.79382pt.
 [216

 <./images/section5PopulationSample.png>] [217

] [218

] [219

] [220

] [221

]
<images/section5RandomNumber.png, id=1618, 406.51875pt x 280.79906pt>
File: images/section5RandomNumber.png Graphic file (type png)
<use images/section5RandomNumber.png>
Package pdftex.def Info: images/section5RandomNumber.png  used on input line 41
54.
(pdftex.def)             Requested size: 162.60461pt x 112.31763pt.
 [222

 <./images/section5RandomNumber.png>] [223

]
<images/section5PointEstimators.png, id=1631, 813.46768pt x 306.28714pt>
File: images/section5PointEstimators.png Graphic file (type png)
<use images/section5PointEstimators.png>
Package pdftex.def Info: images/section5PointEstimators.png  used on input line
 4194.
(pdftex.def)             Requested size: 244.04219pt x 91.88684pt.
 [224

 <./images/section5PointEstimators.png>] [225

] [226

]
[227

]

Package hyperref Warning: Token not allowed in a PDF string (Unicode):
(hyperref)                removing `math shift' on input line 4244.


Package hyperref Warning: Token not allowed in a PDF string (Unicode):
(hyperref)                removing `\mu' on input line 4244.


Package hyperref Warning: Token not allowed in a PDF string (Unicode):
(hyperref)                removing `math shift' on input line 4244.

LaTeX Font Info:    Font shape `T1/LinuxLibertineT-TLF/m/it' will be
(Font)              scaled to size 12.0pt on input line 4247.
[228

] [229

] [230

]
<images/section4SamplingDistfromPop.png, id=1670, 605.26125pt x 684.84428pt>
File: images/section4SamplingDistfromPop.png Graphic file (type png)
<use images/section4SamplingDistfromPop.png>
Package pdftex.def Info: images/section4SamplingDistfromPop.png  used on input 
line 4295.
(pdftex.def)             Requested size: 139.20715pt x 157.51086pt.
 [231

 <./images/section4SamplingDistfromPop.png>] [232

]
<images/samplingDistMean.png, id=1682, 578.16pt x 361.35pt>
File: images/samplingDistMean.png Graphic file (type png)
<use images/samplingDistMean.png>
Package pdftex.def Info: images/samplingDistMean.png  used on input line 4334.
(pdftex.def)             Requested size: 289.07928pt x 180.67456pt.

[233

 <./images/samplingDistMean.png>] [234

] [235

]

Package hyperref Warning: Token not allowed in a PDF string (Unicode):
(hyperref)                removing `math shift' on input line 4364.


Package hyperref Warning: Token not allowed in a PDF string (Unicode):
(hyperref)                removing `math shift' on input line 4364.

[236

] [237

] [238

] [239

] [240

] [241

] [242

] [243

] [244

] [245

] [246

] [247

]
<images/normalDistAreaSamplingDistMean45SE2.png, id=1763, 578.16pt x 361.35pt>
File: images/normalDistAreaSamplingDistMean45SE2.png Graphic file (type png)
<use images/normalDistAreaSamplingDistMean45SE2.png>
Package pdftex.def Info: images/normalDistAreaSamplingDistMean45SE2.png  used o
n input line 4568.
(pdftex.def)             Requested size: 289.07928pt x 180.67456pt.

Overfull \vbox (5.47821pt too high) detected at line 4568
 []

[248

 <./images/normalDistAreaSamplingDistMean45SE2.png>]
File: images/normalDistAreaSamplingDistMean45SE2.png Graphic file (type png)
<use images/normalDistAreaSamplingDistMean45SE2.png>
Package pdftex.def Info: images/normalDistAreaSamplingDistMean45SE2.png  used o
n input line 4579.
(pdftex.def)             Requested size: 231.2599pt x 144.53743pt.
 [249

] [250

] [251

]
<images/SamplingDistIntervals.png, id=1785, 578.16pt x 361.35pt>
File: images/SamplingDistIntervals.png Graphic file (type png)
<use images/SamplingDistIntervals.png>
Package pdftex.def Info: images/SamplingDistIntervals.png  used on input line 4
618.
(pdftex.def)             Requested size: 289.07928pt x 180.67456pt.

[252

 <./images/SamplingDistIntervals.png>]
<images/section5ConfidenceIntervalMu.png, id=1792, 702.625pt x 521.95pt>
File: images/section5ConfidenceIntervalMu.png Graphic file (type png)
<use images/section5ConfidenceIntervalMu.png>
Package pdftex.def Info: images/section5ConfidenceIntervalMu.png  used on input
 line 4630.
(pdftex.def)             Requested size: 230.86334pt x 171.49538pt.
 [253

 <./images/section5ConfidenceIntervalMu.png (PNG copy)>] [254

] [255

] [256

] [257

] [258

] [259

] [260

] [261

]
[262

]
<images/section5ConfidenceIntervalP.png, id=1846, 702.625pt x 501.875pt>
File: images/section5ConfidenceIntervalP.png Graphic file (type png)
<use images/section5ConfidenceIntervalP.png>
Package pdftex.def Info: images/section5ConfidenceIntervalP.png  used on input 
line 4798.
(pdftex.def)             Requested size: 250.93842pt x 179.24281pt.
 [263

 <./images/section5ConfidenceIntervalP.png (PNG copy)>] [264

]
[265

] [266

] [267

] [268

] [269

] [270

]
<images/normalandTdf-1.png, id=1889, 578.16pt x 361.35pt>
File: images/normalandTdf-1.png Graphic file (type png)
<use images/normalandTdf-1.png>
Package pdftex.def Info: images/normalandTdf-1.png  used on input line 4906.
(pdftex.def)             Requested size: 300.64493pt x 187.90308pt.
 [271

 <./images/normalandTdf-1.png>]
<images/normalandTdf-2.png, id=1897, 578.16pt x 361.35pt>
File: images/normalandTdf-2.png Graphic file (type png)
<use images/normalandTdf-2.png>
Package pdftex.def Info: images/normalandTdf-2.png  used on input line 4918.
(pdftex.def)             Requested size: 300.64493pt x 187.90308pt.

[272

 <./images/normalandTdf-2.png>]
<images/section5ttable.png, id=1904, 616.55344pt x 440.39531pt>
File: images/section5ttable.png Graphic file (type png)
<use images/section5ttable.png>
Package pdftex.def Info: images/section5ttable.png  used on input line 4927.
(pdftex.def)             Requested size: 308.27596pt x 220.19711pt.

Overfull \hbox (0.98608pt too wide) in paragraph at lines 4927--4927
[][]  
 []

[273

 <./images/section5ttable.png>] [274

] [275

] [276

] [277

] [278

] [279

]
[280

] [281

] [282

]
Overfull \hbox (8.65146pt too wide) detected at line 5084
\T1/LinuxLibertineT-TLF/m/it/10.95 p[] \OT1/cmr/m/n/10.95 = \T1/LinuxLibertineT
-TLF/m/it/10.95 p\OT1/cmr/m/n/10.95 ([] \OMS/cmsy/m/n/10.95 ^^T \T1/LinuxLibert
ineT-TLF/m/n/10.95 11\OML/cmm/m/it/10.95 :\T1/LinuxLibertineT-TLF/m/n/10.95 3\O
T1/cmr/m/n/10.95 ) = [] = \T1/LinuxLibertineT-TLF/m/n/10.95 0\OML/cmm/m/it/10.9
5 :\T1/LinuxLibertineT-TLF/m/n/10.95 0010
 []

[283

]
<images/HypothesisTesting12.png, id=1963, 578.16pt x 361.35pt>
File: images/HypothesisTesting12.png Graphic file (type png)
<use images/HypothesisTesting12.png>
Package pdftex.def Info: images/HypothesisTesting12.png  used on input line 509
3.
(pdftex.def)             Requested size: 289.07928pt x 180.67456pt.
 [284

 <./images/HypothesisTesting12.png>] [285

] [286

] [287

]
<images/TypeITypeIIErrors.png, id=1985, 720.11893pt x 227.99464pt>
File: images/TypeITypeIIErrors.png Graphic file (type png)
<use images/TypeITypeIIErrors.png>
Package pdftex.def Info: images/TypeITypeIIErrors.png  used on input line 5165.

(pdftex.def)             Requested size: 288.04247pt x 91.19623pt.
 [288

 <./images/TypeITypeIIErrors.png>] [289

] [290

] [291

] [292

]
<images/HypothesisTestingK.png, id=2013, 578.16pt x 361.35pt>
File: images/HypothesisTestingK.png Graphic file (type png)
<use images/HypothesisTestingK.png>
Package pdftex.def Info: images/HypothesisTestingK.png  used on input line 5239
.
(pdftex.def)             Requested size: 231.2599pt x 144.53743pt.
 [293

 <./images/HypothesisTestingK.png>]
<images/HypothesisTestingUpperK.png, id=2020, 578.16pt x 361.35pt>
File: images/HypothesisTestingUpperK.png Graphic file (type png)
<use images/HypothesisTestingUpperK.png>
Package pdftex.def Info: images/HypothesisTestingUpperK.png  used on input line
 5250.
(pdftex.def)             Requested size: 289.07928pt x 180.67456pt.
 [294

 <./images/HypothesisTestingUpperK.png>]
<images/HypothesisTestingBothK.png, id=2027, 578.16pt x 361.35pt>
File: images/HypothesisTestingBothK.png Graphic file (type png)
<use images/HypothesisTestingBothK.png>
Package pdftex.def Info: images/HypothesisTestingBothK.png  used on input line 
5261.
(pdftex.def)             Requested size: 289.07928pt x 180.67456pt.
 [295

 <./images/HypothesisTestingBothK.png>] [296

] [297

] [298

]
<images/HypothesisTestingTwoSided.png, id=2051, 578.16pt x 361.35pt>
File: images/HypothesisTestingTwoSided.png Graphic file (type png)
<use images/HypothesisTestingTwoSided.png>
Package pdftex.def Info: images/HypothesisTestingTwoSided.png  used on input li
ne 5324.
(pdftex.def)             Requested size: 289.07928pt x 180.67456pt.
 [299

 <./images/HypothesisTestingTwoSided.png>]
<images/HypothesisTestingOneSided.png, id=2058, 578.16pt x 361.35pt>
File: images/HypothesisTestingOneSided.png Graphic file (type png)
<use images/HypothesisTestingOneSided.png>
Package pdftex.def Info: images/HypothesisTestingOneSided.png  used on input li
ne 5335.
(pdftex.def)             Requested size: 289.07928pt x 180.67456pt.
 [300

 <./images/HypothesisTestingOneSided.png>] [301

] [302

]
\tf@nav=\write6
\openout6 = `BUAD2060_BusinessStatistics_Fall2020.nav'.

\tf@toc=\write7
\openout7 = `BUAD2060_BusinessStatistics_Fall2020.toc'.

\tf@snm=\write8
\openout8 = `BUAD2060_BusinessStatistics_Fall2020.snm'.



Package movie15 Warning: @@@@@@@@@@@@@@@@@@@@@@@@@@@@@@@@@@@@@@@
(movie15)                @@ Package `movie15' is obsolete and @@
(movie15)                @@ superseded by `media9'.           @@
(movie15)                @@@@@@@@@@@@@@@@@@@@@@@@@@@@@@@@@@@@@@@.

(./BUAD2060_BusinessStatistics_Fall2020.aux)
Package rerunfilecheck Info: File `BUAD2060_BusinessStatistics_Fall2020.out' ha
s not changed.
(rerunfilecheck)             Checksum: A0C0B4E77798459D9219B083A059F0C2;4133.
 ) 
Here is how much of TeX's memory you used:
 29370 strings out of 478994
 554934 string characters out of 5858184
 900917 words of memory out of 5000000
 45441 multiletter control sequences out of 15000+600000
 572721 words of font info for 127 fonts, out of 8000000 for 9000
 1141 hyphenation exceptions out of 8191
 131i,16n,132p,459b,961s stack positions out of 5000i,500n,10000p,200000b,80000s
{/usr/local/texlive/2021/texmf-dist/fonts/enc/dvips/libertine/lbtn_ki75ao.enc
}{/usr/local/texlive/2021/texmf-dist/fonts/enc/dvips/libertine/lbtn_25tcsq.enc}
{/usr/local/texlive/2021/texmf-dist/fonts/enc/dvips/libertine/lbtn_nh77jq.enc}{
/usr/local/texlive/2021/texmf-dist/fonts/enc/dvips/libertine/lbtn_dc4jmj.enc}{/
usr/local/texlive/2021/texmf-dist/fonts/enc/dvips/libertine/lbtn_7grukw.enc}{/u
sr/local/texlive/2021/texmf-dist/fonts/enc/dvips/libertine/lbtn_76gpa5.enc}</us
r/local/texlive/2021/texmf-dist/fonts/type1/public/libertine/LinBiolinumT.pfb><
/usr/local/texlive/2021/texmf-dist/fonts/type1/public/libertine/LinLibertineT.p
fb></usr/local/texlive/2021/texmf-dist/fonts/type1/public/libertine/LinLibertin
eTB.pfb></usr/local/texlive/2021/texmf-dist/fonts/type1/public/libertine/LinLib
ertineTBI.pfb></usr/local/texlive/2021/texmf-dist/fonts/type1/public/libertine/
LinLibertineTI.pfb></usr/local/texlive/2021/texmf-dist/fonts/type1/public/amsfo
nts/cm/cmex10.pfb></usr/local/texlive/2021/texmf-dist/fonts/type1/public/amsfon
ts/cmextra/cmex7.pfb></usr/local/texlive/2021/texmf-dist/fonts/type1/public/ams
fonts/cm/cmmi10.pfb></usr/local/texlive/2021/texmf-dist/fonts/type1/public/amsf
onts/cm/cmmi12.pfb></usr/local/texlive/2021/texmf-dist/fonts/type1/public/amsfo
nts/cm/cmmi5.pfb></usr/local/texlive/2021/texmf-dist/fonts/type1/public/amsfont
s/cm/cmmi6.pfb></usr/local/texlive/2021/texmf-dist/fonts/type1/public/amsfonts/
cm/cmmi8.pfb></usr/local/texlive/2021/texmf-dist/fonts/type1/public/amsfonts/cm
/cmr10.pfb></usr/local/texlive/2021/texmf-dist/fonts/type1/public/amsfonts/cm/c
mr12.pfb></usr/local/texlive/2021/texmf-dist/fonts/type1/public/amsfonts/cm/cmr
8.pfb></usr/local/texlive/2021/texmf-dist/fonts/type1/public/amsfonts/cm/cmr9.p
fb></usr/local/texlive/2021/texmf-dist/fonts/type1/public/amsfonts/cm/cmsy10.pf
b></usr/local/texlive/2021/texmf-dist/fonts/type1/public/amsfonts/cm/cmsy5.pfb>
</usr/local/texlive/2021/texmf-dist/fonts/type1/public/amsfonts/cm/cmsy6.pfb></
usr/local/texlive/2021/texmf-dist/fonts/type1/public/amsfonts/cm/cmsy8.pfb></us
r/local/texlive/2021/texmf-dist/fonts/type1/public/amsfonts/cm/cmsy9.pfb></usr/
local/texlive/2021/texmf-dist/fonts/type1/public/amsfonts/symbols/msam10.pfb>
Output written on BUAD2060_BusinessStatistics_Fall2020.pdf (302 pages, 8387819 
bytes).
PDF statistics:
 2303 PDF objects out of 2487 (max. 8388607)
 1730 compressed objects within 18 object streams
 661 named destinations out of 1000 (max. 500000)
 919 words of extra memory for PDF output out of 10000 (max. 10000000)

